[2018-04-10 05:57:13] local.ERROR: exception 'Illuminate\Container\BindingResolutionException' with message 'Target [App\Http\Requests\Request] is not instantiable.' in /var/www/html/laravel/vendor/compiled.php:1032
Stack trace:
#0 /var/www/html/laravel/vendor/compiled.php(980): Illuminate\Container\Container->build('App\\Http\\Reques...', Array)
#1 /var/www/html/laravel/vendor/compiled.php(1493): Illuminate\Container\Container->make('App\\Http\\Reques...', Array)
#2 /var/www/html/laravel/vendor/compiled.php(6696): Illuminate\Foundation\Application->make('App\\Http\\Reques...')
#3 /var/www/html/laravel/vendor/compiled.php(6689): Illuminate\Routing\ControllerDispatcher->resolveMethodDependencies(Array, Object(ReflectionMethod))
#4 /var/www/html/laravel/vendor/compiled.php(8353): Illuminate\Routing\ControllerDispatcher->resolveClassMethodDependencies(Array, Object(App\Http\Controllers\IndexController), 'paginate')
#5 /var/www/html/laravel/vendor/compiled.php(8333): Illuminate\Routing\ControllerDispatcher->call(Object(App\Http\Controllers\IndexController), Object(Illuminate\Routing\Route), 'paginate')
#6 [internal function]: Illuminate\Routing\ControllerDispatcher->Illuminate\Routing\{closure}(Object(Illuminate\Http\Request))
#7 /var/www/html/laravel/vendor/compiled.php(8952): call_user_func(Object(Closure), Object(Illuminate\Http\Request))
#8 [internal function]: Illuminate\Pipeline\Pipeline->Illuminate\Pipeline\{closure}(Object(Illuminate\Http\Request))
#9 /var/www/html/laravel/vendor/compiled.php(8935): call_user_func(Object(Closure), Object(Illuminate\Http\Request))
#10 /var/www/html/laravel/vendor/compiled.php(8334): Illuminate\Pipeline\Pipeline->then(Object(Closure))
#11 /var/www/html/laravel/vendor/compiled.php(8320): Illuminate\Routing\ControllerDispatcher->callWithinStack(Object(App\Http\Controllers\IndexController), Object(Illuminate\Routing\Route), Object(Illuminate\Http\Request), 'paginate')
#12 /var/www/html/laravel/vendor/compiled.php(7317): Illuminate\Routing\ControllerDispatcher->dispatch(Object(Illuminate\Routing\Route), Object(Illuminate\Http\Request), 'App\\Http\\Contro...', 'paginate')
#13 /var/www/html/laravel/vendor/compiled.php(7288): Illuminate\Routing\Route->runWithCustomDispatcher(Object(Illuminate\Http\Request))
#14 /var/www/html/laravel/vendor/compiled.php(6954): Illuminate\Routing\Route->run(Object(Illuminate\Http\Request))
#15 [internal function]: Illuminate\Routing\Router->Illuminate\Routing\{closure}(Object(Illuminate\Http\Request))
#16 /var/www/html/laravel/vendor/compiled.php(8952): call_user_func(Object(Closure), Object(Illuminate\Http\Request))
#17 [internal function]: Illuminate\Pipeline\Pipeline->Illuminate\Pipeline\{closure}(Object(Illuminate\Http\Request))
#18 /var/www/html/laravel/vendor/compiled.php(8935): call_user_func(Object(Closure), Object(Illuminate\Http\Request))
#19 /var/www/html/laravel/vendor/compiled.php(6955): Illuminate\Pipeline\Pipeline->then(Object(Closure))
#20 /var/www/html/laravel/vendor/compiled.php(6944): Illuminate\Routing\Router->runRouteWithinStack(Object(Illuminate\Routing\Route), Object(Illuminate\Http\Request))
#21 /var/www/html/laravel/vendor/compiled.php(6929): Illuminate\Routing\Router->dispatchToRoute(Object(Illuminate\Http\Request))
#22 /var/www/html/laravel/vendor/compiled.php(1935): Illuminate\Routing\Router->dispatch(Object(Illuminate\Http\Request))
#23 [internal function]: Illuminate\Foundation\Http\Kernel->Illuminate\Foundation\Http\{closure}(Object(Illuminate\Http\Request))
#24 /var/www/html/laravel/vendor/compiled.php(8952): call_user_func(Object(Closure), Object(Illuminate\Http\Request))
#25 /var/www/html/laravel/vendor/compiled.php(2438): Illuminate\Pipeline\Pipeline->Illuminate\Pipeline\{closure}(Object(Illuminate\Http\Request))
#26 /var/www/html/laravel/app/Http/Middleware/VerifyCsrfToken.php(17): Illuminate\Foundation\Http\Middleware\VerifyCsrfToken->handle(Object(Illuminate\Http\Request), Object(Closure))
#27 /var/www/html/laravel/vendor/compiled.php(8944): App\Http\Middleware\VerifyCsrfToken->handle(Object(Illuminate\Http\Request), Object(Closure))
#28 /var/www/html/laravel/vendor/compiled.php(12083): Illuminate\Pipeline\Pipeline->Illuminate\Pipeline\{closure}(Object(Illuminate\Http\Request))
#29 /var/www/html/laravel/vendor/compiled.php(8944): Illuminate\View\Middleware\ShareErrorsFromSession->handle(Object(Illuminate\Http\Request), Object(Closure))
#30 /var/www/html/laravel/vendor/compiled.php(10785): Illuminate\Pipeline\Pipeline->Illuminate\Pipeline\{closure}(Object(Illuminate\Http\Request))
#31 /var/www/html/laravel/vendor/compiled.php(8944): Illuminate\Session\Middleware\StartSession->handle(Object(Illuminate\Http\Request), Object(Closure))
#32 /var/www/html/laravel/vendor/compiled.php(11789): Illuminate\Pipeline\Pipeline->Illuminate\Pipeline\{closure}(Object(Illuminate\Http\Request))
#33 /var/www/html/laravel/vendor/compiled.php(8944): Illuminate\Cookie\Middleware\AddQueuedCookiesToResponse->handle(Object(Illuminate\Http\Request), Object(Closure))
#34 /var/www/html/laravel/vendor/compiled.php(11738): Illuminate\Pipeline\Pipeline->Illuminate\Pipeline\{closure}(Object(Illuminate\Http\Request))
#35 /var/www/html/laravel/vendor/compiled.php(8944): Illuminate\Cookie\Middleware\EncryptCookies->handle(Object(Illuminate\Http\Request), Object(Closure))
#36 /var/www/html/laravel/vendor/compiled.php(2478): Illuminate\Pipeline\Pipeline->Illuminate\Pipeline\{closure}(Object(Illuminate\Http\Request))
#37 /var/www/html/laravel/vendor/compiled.php(8944): Illuminate\Foundation\Http\Middleware\CheckForMaintenanceMode->handle(Object(Illuminate\Http\Request), Object(Closure))
#38 [internal function]: Illuminate\Pipeline\Pipeline->Illuminate\Pipeline\{closure}(Object(Illuminate\Http\Request))
#39 /var/www/html/laravel/vendor/compiled.php(8935): call_user_func(Object(Closure), Object(Illuminate\Http\Request))
#40 /var/www/html/laravel/vendor/compiled.php(1891): Illuminate\Pipeline\Pipeline->then(Object(Closure))
#41 /var/www/html/laravel/vendor/compiled.php(1880): Illuminate\Foundation\Http\Kernel->sendRequestThroughRouter(Object(Illuminate\Http\Request))
#42 /var/www/html/laravel/public/index.php(53): Illuminate\Foundation\Http\Kernel->handle(Object(Illuminate\Http\Request))
#43 {main}  
[2018-04-10 05:57:18] local.ERROR: exception 'ErrorException' with message 'call_user_func_array() expects parameter 1 to be a valid callback, class 'Illuminate\Support\Collection' does not have a method 'links'' in /var/www/html/laravel/vendor/compiled.php:5144
Stack trace:
#0 [internal function]: Illuminate\Foundation\Bootstrap\HandleExceptions->handleError(2, 'call_user_func_...', '/var/www/html/l...', 5144, Array)
#1 /var/www/html/laravel/vendor/compiled.php(5144): call_user_func_array(Array, Array)
#2 /var/www/html/laravel/storage/framework/views/c9b93fe524557d844e99d62aca642cd3(39): Illuminate\Pagination\AbstractPaginator->__call('links', Array)
#3 /var/www/html/laravel/storage/framework/views/c9b93fe524557d844e99d62aca642cd3(39): Illuminate\Pagination\LengthAwarePaginator->links()
#4 /var/www/html/laravel/vendor/compiled.php(13650): include('/var/www/html/l...')
#5 /var/www/html/laravel/vendor/compiled.php(13683): Illuminate\View\Engines\PhpEngine->evaluatePath('/var/www/html/l...', Array)
#6 /var/www/html/laravel/vendor/compiled.php(13523): Illuminate\View\Engines\CompilerEngine->get('/var/www/html/l...', Array)
#7 /var/www/html/laravel/vendor/compiled.php(13510): Illuminate\View\View->getContents()
#8 /var/www/html/laravel/vendor/compiled.php(13501): Illuminate\View\View->renderContents()
#9 /var/www/html/laravel/vendor/compiled.php(14597): Illuminate\View\View->render()
#10 /var/www/html/laravel/vendor/compiled.php(14126): Illuminate\Http\Response->setContent(Object(Illuminate\View\View))
#11 /var/www/html/laravel/vendor/compiled.php(7154): Symfony\Component\HttpFoundation\Response->__construct(Object(Illuminate\View\View))
#12 /var/www/html/laravel/vendor/compiled.php(6954): Illuminate\Routing\Router->prepareResponse(Object(Illuminate\Http\Request), Object(Illuminate\View\View))
#13 [internal function]: Illuminate\Routing\Router->Illuminate\Routing\{closure}(Object(Illuminate\Http\Request))
#14 /var/www/html/laravel/vendor/compiled.php(8952): call_user_func(Object(Closure), Object(Illuminate\Http\Request))
#15 [internal function]: Illuminate\Pipeline\Pipeline->Illuminate\Pipeline\{closure}(Object(Illuminate\Http\Request))
#16 /var/www/html/laravel/vendor/compiled.php(8935): call_user_func(Object(Closure), Object(Illuminate\Http\Request))
#17 /var/www/html/laravel/vendor/compiled.php(6955): Illuminate\Pipeline\Pipeline->then(Object(Closure))
#18 /var/www/html/laravel/vendor/compiled.php(6944): Illuminate\Routing\Router->runRouteWithinStack(Object(Illuminate\Routing\Route), Object(Illuminate\Http\Request))
#19 /var/www/html/laravel/vendor/compiled.php(6929): Illuminate\Routing\Router->dispatchToRoute(Object(Illuminate\Http\Request))
#20 /var/www/html/laravel/vendor/compiled.php(1935): Illuminate\Routing\Router->dispatch(Object(Illuminate\Http\Request))
#21 [internal function]: Illuminate\Foundation\Http\Kernel->Illuminate\Foundation\Http\{closure}(Object(Illuminate\Http\Request))
#22 /var/www/html/laravel/vendor/compiled.php(8952): call_user_func(Object(Closure), Object(Illuminate\Http\Request))
#23 /var/www/html/laravel/vendor/compiled.php(2438): Illuminate\Pipeline\Pipeline->Illuminate\Pipeline\{closure}(Object(Illuminate\Http\Request))
#24 /var/www/html/laravel/app/Http/Middleware/VerifyCsrfToken.php(17): Illuminate\Foundation\Http\Middleware\VerifyCsrfToken->handle(Object(Illuminate\Http\Request), Object(Closure))
#25 /var/www/html/laravel/vendor/compiled.php(8944): App\Http\Middleware\VerifyCsrfToken->handle(Object(Illuminate\Http\Request), Object(Closure))
#26 /var/www/html/laravel/vendor/compiled.php(12083): Illuminate\Pipeline\Pipeline->Illuminate\Pipeline\{closure}(Object(Illuminate\Http\Request))
#27 /var/www/html/laravel/vendor/compiled.php(8944): Illuminate\View\Middleware\ShareErrorsFromSession->handle(Object(Illuminate\Http\Request), Object(Closure))
#28 /var/www/html/laravel/vendor/compiled.php(10785): Illuminate\Pipeline\Pipeline->Illuminate\Pipeline\{closure}(Object(Illuminate\Http\Request))
#29 /var/www/html/laravel/vendor/compiled.php(8944): Illuminate\Session\Middleware\StartSession->handle(Object(Illuminate\Http\Request), Object(Closure))
#30 /var/www/html/laravel/vendor/compiled.php(11789): Illuminate\Pipeline\Pipeline->Illuminate\Pipeline\{closure}(Object(Illuminate\Http\Request))
#31 /var/www/html/laravel/vendor/compiled.php(8944): Illuminate\Cookie\Middleware\AddQueuedCookiesToResponse->handle(Object(Illuminate\Http\Request), Object(Closure))
#32 /var/www/html/laravel/vendor/compiled.php(11738): Illuminate\Pipeline\Pipeline->Illuminate\Pipeline\{closure}(Object(Illuminate\Http\Request))
#33 /var/www/html/laravel/vendor/compiled.php(8944): Illuminate\Cookie\Middleware\EncryptCookies->handle(Object(Illuminate\Http\Request), Object(Closure))
#34 /var/www/html/laravel/vendor/compiled.php(2478): Illuminate\Pipeline\Pipeline->Illuminate\Pipeline\{closure}(Object(Illuminate\Http\Request))
#35 /var/www/html/laravel/vendor/compiled.php(8944): Illuminate\Foundation\Http\Middleware\CheckForMaintenanceMode->handle(Object(Illuminate\Http\Request), Object(Closure))
#36 [internal function]: Illuminate\Pipeline\Pipeline->Illuminate\Pipeline\{closure}(Object(Illuminate\Http\Request))
#37 /var/www/html/laravel/vendor/compiled.php(8935): call_user_func(Object(Closure), Object(Illuminate\Http\Request))
#38 /var/www/html/laravel/vendor/compiled.php(1891): Illuminate\Pipeline\Pipeline->then(Object(Closure))
#39 /var/www/html/laravel/vendor/compiled.php(1880): Illuminate\Foundation\Http\Kernel->sendRequestThroughRouter(Object(Illuminate\Http\Request))
#40 /var/www/html/laravel/public/index.php(53): Illuminate\Foundation\Http\Kernel->handle(Object(Illuminate\Http\Request))
#41 {main}

Next exception 'ErrorException' with message 'call_user_func_array() expects parameter 1 to be a valid callback, class 'Illuminate\Support\Collection' does not have a method 'links' (View: /var/www/html/laravel/resources/views/index.blade.php)' in /var/www/html/laravel/vendor/compiled.php:5144
Stack trace:
#0 /var/www/html/laravel/vendor/compiled.php(13652): Illuminate\View\Engines\CompilerEngine->handleViewException(Object(ErrorException), 1)
#1 /var/www/html/laravel/vendor/compiled.php(13683): Illuminate\View\Engines\PhpEngine->evaluatePath('/var/www/html/l...', Array)
#2 /var/www/html/laravel/vendor/compiled.php(13523): Illuminate\View\Engines\CompilerEngine->get('/var/www/html/l...', Array)
#3 /var/www/html/laravel/vendor/compiled.php(13510): Illuminate\View\View->getContents()
#4 /var/www/html/laravel/vendor/compiled.php(13501): Illuminate\View\View->renderContents()
#5 /var/www/html/laravel/vendor/compiled.php(14597): Illuminate\View\View->render()
#6 /var/www/html/laravel/vendor/compiled.php(14126): Illuminate\Http\Response->setContent(Object(Illuminate\View\View))
#7 /var/www/html/laravel/vendor/compiled.php(7154): Symfony\Component\HttpFoundation\Response->__construct(Object(Illuminate\View\View))
#8 /var/www/html/laravel/vendor/compiled.php(6954): Illuminate\Routing\Router->prepareResponse(Object(Illuminate\Http\Request), Object(Illuminate\View\View))
#9 [internal function]: Illuminate\Routing\Router->Illuminate\Routing\{closure}(Object(Illuminate\Http\Request))
#10 /var/www/html/laravel/vendor/compiled.php(8952): call_user_func(Object(Closure), Object(Illuminate\Http\Request))
#11 [internal function]: Illuminate\Pipeline\Pipeline->Illuminate\Pipeline\{closure}(Object(Illuminate\Http\Request))
#12 /var/www/html/laravel/vendor/compiled.php(8935): call_user_func(Object(Closure), Object(Illuminate\Http\Request))
#13 /var/www/html/laravel/vendor/compiled.php(6955): Illuminate\Pipeline\Pipeline->then(Object(Closure))
#14 /var/www/html/laravel/vendor/compiled.php(6944): Illuminate\Routing\Router->runRouteWithinStack(Object(Illuminate\Routing\Route), Object(Illuminate\Http\Request))
#15 /var/www/html/laravel/vendor/compiled.php(6929): Illuminate\Routing\Router->dispatchToRoute(Object(Illuminate\Http\Request))
#16 /var/www/html/laravel/vendor/compiled.php(1935): Illuminate\Routing\Router->dispatch(Object(Illuminate\Http\Request))
#17 [internal function]: Illuminate\Foundation\Http\Kernel->Illuminate\Foundation\Http\{closure}(Object(Illuminate\Http\Request))
#18 /var/www/html/laravel/vendor/compiled.php(8952): call_user_func(Object(Closure), Object(Illuminate\Http\Request))
#19 /var/www/html/laravel/vendor/compiled.php(2438): Illuminate\Pipeline\Pipeline->Illuminate\Pipeline\{closure}(Object(Illuminate\Http\Request))
#20 /var/www/html/laravel/app/Http/Middleware/VerifyCsrfToken.php(17): Illuminate\Foundation\Http\Middleware\VerifyCsrfToken->handle(Object(Illuminate\Http\Request), Object(Closure))
#21 /var/www/html/laravel/vendor/compiled.php(8944): App\Http\Middleware\VerifyCsrfToken->handle(Object(Illuminate\Http\Request), Object(Closure))
#22 /var/www/html/laravel/vendor/compiled.php(12083): Illuminate\Pipeline\Pipeline->Illuminate\Pipeline\{closure}(Object(Illuminate\Http\Request))
#23 /var/www/html/laravel/vendor/compiled.php(8944): Illuminate\View\Middleware\ShareErrorsFromSession->handle(Object(Illuminate\Http\Request), Object(Closure))
#24 /var/www/html/laravel/vendor/compiled.php(10785): Illuminate\Pipeline\Pipeline->Illuminate\Pipeline\{closure}(Object(Illuminate\Http\Request))
#25 /var/www/html/laravel/vendor/compiled.php(8944): Illuminate\Session\Middleware\StartSession->handle(Object(Illuminate\Http\Request), Object(Closure))
#26 /var/www/html/laravel/vendor/compiled.php(11789): Illuminate\Pipeline\Pipeline->Illuminate\Pipeline\{closure}(Object(Illuminate\Http\Request))
#27 /var/www/html/laravel/vendor/compiled.php(8944): Illuminate\Cookie\Middleware\AddQueuedCookiesToResponse->handle(Object(Illuminate\Http\Request), Object(Closure))
#28 /var/www/html/laravel/vendor/compiled.php(11738): Illuminate\Pipeline\Pipeline->Illuminate\Pipeline\{closure}(Object(Illuminate\Http\Request))
#29 /var/www/html/laravel/vendor/compiled.php(8944): Illuminate\Cookie\Middleware\EncryptCookies->handle(Object(Illuminate\Http\Request), Object(Closure))
#30 /var/www/html/laravel/vendor/compiled.php(2478): Illuminate\Pipeline\Pipeline->Illuminate\Pipeline\{closure}(Object(Illuminate\Http\Request))
#31 /var/www/html/laravel/vendor/compiled.php(8944): Illuminate\Foundation\Http\Middleware\CheckForMaintenanceMode->handle(Object(Illuminate\Http\Request), Object(Closure))
#32 [internal function]: Illuminate\Pipeline\Pipeline->Illuminate\Pipeline\{closure}(Object(Illuminate\Http\Request))
#33 /var/www/html/laravel/vendor/compiled.php(8935): call_user_func(Object(Closure), Object(Illuminate\Http\Request))
#34 /var/www/html/laravel/vendor/compiled.php(1891): Illuminate\Pipeline\Pipeline->then(Object(Closure))
#35 /var/www/html/laravel/vendor/compiled.php(1880): Illuminate\Foundation\Http\Kernel->sendRequestThroughRouter(Object(Illuminate\Http\Request))
#36 /var/www/html/laravel/public/index.php(53): Illuminate\Foundation\Http\Kernel->handle(Object(Illuminate\Http\Request))
#37 {main}  
[2018-04-10 06:38:39] local.ERROR: exception 'Illuminate\Container\BindingResolutionException' with message 'Target [App\Http\Requests\Request] is not instantiable.' in /var/www/html/laravel/vendor/compiled.php:1032
Stack trace:
#0 /var/www/html/laravel/vendor/compiled.php(980): Illuminate\Container\Container->build('App\\Http\\Reques...', Array)
#1 /var/www/html/laravel/vendor/compiled.php(1493): Illuminate\Container\Container->make('App\\Http\\Reques...', Array)
#2 /var/www/html/laravel/vendor/compiled.php(6696): Illuminate\Foundation\Application->make('App\\Http\\Reques...')
#3 /var/www/html/laravel/vendor/compiled.php(6689): Illuminate\Routing\ControllerDispatcher->resolveMethodDependencies(Array, Object(ReflectionMethod))
#4 /var/www/html/laravel/vendor/compiled.php(8353): Illuminate\Routing\ControllerDispatcher->resolveClassMethodDependencies(Array, Object(App\Http\Controllers\IndexController), 'paginate')
#5 /var/www/html/laravel/vendor/compiled.php(8333): Illuminate\Routing\ControllerDispatcher->call(Object(App\Http\Controllers\IndexController), Object(Illuminate\Routing\Route), 'paginate')
#6 [internal function]: Illuminate\Routing\ControllerDispatcher->Illuminate\Routing\{closure}(Object(Illuminate\Http\Request))
#7 /var/www/html/laravel/vendor/compiled.php(8952): call_user_func(Object(Closure), Object(Illuminate\Http\Request))
#8 [internal function]: Illuminate\Pipeline\Pipeline->Illuminate\Pipeline\{closure}(Object(Illuminate\Http\Request))
#9 /var/www/html/laravel/vendor/compiled.php(8935): call_user_func(Object(Closure), Object(Illuminate\Http\Request))
#10 /var/www/html/laravel/vendor/compiled.php(8334): Illuminate\Pipeline\Pipeline->then(Object(Closure))
#11 /var/www/html/laravel/vendor/compiled.php(8320): Illuminate\Routing\ControllerDispatcher->callWithinStack(Object(App\Http\Controllers\IndexController), Object(Illuminate\Routing\Route), Object(Illuminate\Http\Request), 'paginate')
#12 /var/www/html/laravel/vendor/compiled.php(7317): Illuminate\Routing\ControllerDispatcher->dispatch(Object(Illuminate\Routing\Route), Object(Illuminate\Http\Request), 'App\\Http\\Contro...', 'paginate')
#13 /var/www/html/laravel/vendor/compiled.php(7288): Illuminate\Routing\Route->runWithCustomDispatcher(Object(Illuminate\Http\Request))
#14 /var/www/html/laravel/vendor/compiled.php(6954): Illuminate\Routing\Route->run(Object(Illuminate\Http\Request))
#15 [internal function]: Illuminate\Routing\Router->Illuminate\Routing\{closure}(Object(Illuminate\Http\Request))
#16 /var/www/html/laravel/vendor/compiled.php(8952): call_user_func(Object(Closure), Object(Illuminate\Http\Request))
#17 [internal function]: Illuminate\Pipeline\Pipeline->Illuminate\Pipeline\{closure}(Object(Illuminate\Http\Request))
#18 /var/www/html/laravel/vendor/compiled.php(8935): call_user_func(Object(Closure), Object(Illuminate\Http\Request))
#19 /var/www/html/laravel/vendor/compiled.php(6955): Illuminate\Pipeline\Pipeline->then(Object(Closure))
#20 /var/www/html/laravel/vendor/compiled.php(6944): Illuminate\Routing\Router->runRouteWithinStack(Object(Illuminate\Routing\Route), Object(Illuminate\Http\Request))
#21 /var/www/html/laravel/vendor/compiled.php(6929): Illuminate\Routing\Router->dispatchToRoute(Object(Illuminate\Http\Request))
#22 /var/www/html/laravel/vendor/compiled.php(1935): Illuminate\Routing\Router->dispatch(Object(Illuminate\Http\Request))
#23 [internal function]: Illuminate\Foundation\Http\Kernel->Illuminate\Foundation\Http\{closure}(Object(Illuminate\Http\Request))
#24 /var/www/html/laravel/vendor/compiled.php(8952): call_user_func(Object(Closure), Object(Illuminate\Http\Request))
#25 /var/www/html/laravel/vendor/compiled.php(2438): Illuminate\Pipeline\Pipeline->Illuminate\Pipeline\{closure}(Object(Illuminate\Http\Request))
#26 /var/www/html/laravel/app/Http/Middleware/VerifyCsrfToken.php(17): Illuminate\Foundation\Http\Middleware\VerifyCsrfToken->handle(Object(Illuminate\Http\Request), Object(Closure))
#27 /var/www/html/laravel/vendor/compiled.php(8944): App\Http\Middleware\VerifyCsrfToken->handle(Object(Illuminate\Http\Request), Object(Closure))
#28 /var/www/html/laravel/vendor/compiled.php(12083): Illuminate\Pipeline\Pipeline->Illuminate\Pipeline\{closure}(Object(Illuminate\Http\Request))
#29 /var/www/html/laravel/vendor/compiled.php(8944): Illuminate\View\Middleware\ShareErrorsFromSession->handle(Object(Illuminate\Http\Request), Object(Closure))
#30 /var/www/html/laravel/vendor/compiled.php(10785): Illuminate\Pipeline\Pipeline->Illuminate\Pipeline\{closure}(Object(Illuminate\Http\Request))
#31 /var/www/html/laravel/vendor/compiled.php(8944): Illuminate\Session\Middleware\StartSession->handle(Object(Illuminate\Http\Request), Object(Closure))
#32 /var/www/html/laravel/vendor/compiled.php(11789): Illuminate\Pipeline\Pipeline->Illuminate\Pipeline\{closure}(Object(Illuminate\Http\Request))
#33 /var/www/html/laravel/vendor/compiled.php(8944): Illuminate\Cookie\Middleware\AddQueuedCookiesToResponse->handle(Object(Illuminate\Http\Request), Object(Closure))
#34 /var/www/html/laravel/vendor/compiled.php(11738): Illuminate\Pipeline\Pipeline->Illuminate\Pipeline\{closure}(Object(Illuminate\Http\Request))
#35 /var/www/html/laravel/vendor/compiled.php(8944): Illuminate\Cookie\Middleware\EncryptCookies->handle(Object(Illuminate\Http\Request), Object(Closure))
#36 /var/www/html/laravel/vendor/compiled.php(2478): Illuminate\Pipeline\Pipeline->Illuminate\Pipeline\{closure}(Object(Illuminate\Http\Request))
#37 /var/www/html/laravel/vendor/compiled.php(8944): Illuminate\Foundation\Http\Middleware\CheckForMaintenanceMode->handle(Object(Illuminate\Http\Request), Object(Closure))
#38 [internal function]: Illuminate\Pipeline\Pipeline->Illuminate\Pipeline\{closure}(Object(Illuminate\Http\Request))
#39 /var/www/html/laravel/vendor/compiled.php(8935): call_user_func(Object(Closure), Object(Illuminate\Http\Request))
#40 /var/www/html/laravel/vendor/compiled.php(1891): Illuminate\Pipeline\Pipeline->then(Object(Closure))
#41 /var/www/html/laravel/vendor/compiled.php(1880): Illuminate\Foundation\Http\Kernel->sendRequestThroughRouter(Object(Illuminate\Http\Request))
#42 /var/www/html/laravel/public/index.php(53): Illuminate\Foundation\Http\Kernel->handle(Object(Illuminate\Http\Request))
#43 {main}  
[2018-04-10 08:12:03] local.ERROR: exception 'Illuminate\Container\BindingResolutionException' with message 'Target [App\Http\Requests\Request] is not instantiable.' in /var/www/html/laravel/vendor/compiled.php:1032
Stack trace:
#0 /var/www/html/laravel/vendor/compiled.php(980): Illuminate\Container\Container->build('App\\Http\\Reques...', Array)
#1 /var/www/html/laravel/vendor/compiled.php(1493): Illuminate\Container\Container->make('App\\Http\\Reques...', Array)
#2 /var/www/html/laravel/vendor/compiled.php(6696): Illuminate\Foundation\Application->make('App\\Http\\Reques...')
#3 /var/www/html/laravel/vendor/compiled.php(6689): Illuminate\Routing\ControllerDispatcher->resolveMethodDependencies(Array, Object(ReflectionMethod))
#4 /var/www/html/laravel/vendor/compiled.php(8353): Illuminate\Routing\ControllerDispatcher->resolveClassMethodDependencies(Array, Object(App\Http\Controllers\IndexController), 'paginate')
#5 /var/www/html/laravel/vendor/compiled.php(8333): Illuminate\Routing\ControllerDispatcher->call(Object(App\Http\Controllers\IndexController), Object(Illuminate\Routing\Route), 'paginate')
#6 [internal function]: Illuminate\Routing\ControllerDispatcher->Illuminate\Routing\{closure}(Object(Illuminate\Http\Request))
#7 /var/www/html/laravel/vendor/compiled.php(8952): call_user_func(Object(Closure), Object(Illuminate\Http\Request))
#8 [internal function]: Illuminate\Pipeline\Pipeline->Illuminate\Pipeline\{closure}(Object(Illuminate\Http\Request))
#9 /var/www/html/laravel/vendor/compiled.php(8935): call_user_func(Object(Closure), Object(Illuminate\Http\Request))
#10 /var/www/html/laravel/vendor/compiled.php(8334): Illuminate\Pipeline\Pipeline->then(Object(Closure))
#11 /var/www/html/laravel/vendor/compiled.php(8320): Illuminate\Routing\ControllerDispatcher->callWithinStack(Object(App\Http\Controllers\IndexController), Object(Illuminate\Routing\Route), Object(Illuminate\Http\Request), 'paginate')
#12 /var/www/html/laravel/vendor/compiled.php(7317): Illuminate\Routing\ControllerDispatcher->dispatch(Object(Illuminate\Routing\Route), Object(Illuminate\Http\Request), 'App\\Http\\Contro...', 'paginate')
#13 /var/www/html/laravel/vendor/compiled.php(7288): Illuminate\Routing\Route->runWithCustomDispatcher(Object(Illuminate\Http\Request))
#14 /var/www/html/laravel/vendor/compiled.php(6954): Illuminate\Routing\Route->run(Object(Illuminate\Http\Request))
#15 [internal function]: Illuminate\Routing\Router->Illuminate\Routing\{closure}(Object(Illuminate\Http\Request))
#16 /var/www/html/laravel/vendor/compiled.php(8952): call_user_func(Object(Closure), Object(Illuminate\Http\Request))
#17 [internal function]: Illuminate\Pipeline\Pipeline->Illuminate\Pipeline\{closure}(Object(Illuminate\Http\Request))
#18 /var/www/html/laravel/vendor/compiled.php(8935): call_user_func(Object(Closure), Object(Illuminate\Http\Request))
#19 /var/www/html/laravel/vendor/compiled.php(6955): Illuminate\Pipeline\Pipeline->then(Object(Closure))
#20 /var/www/html/laravel/vendor/compiled.php(6944): Illuminate\Routing\Router->runRouteWithinStack(Object(Illuminate\Routing\Route), Object(Illuminate\Http\Request))
#21 /var/www/html/laravel/vendor/compiled.php(6929): Illuminate\Routing\Router->dispatchToRoute(Object(Illuminate\Http\Request))
#22 /var/www/html/laravel/vendor/compiled.php(1935): Illuminate\Routing\Router->dispatch(Object(Illuminate\Http\Request))
#23 [internal function]: Illuminate\Foundation\Http\Kernel->Illuminate\Foundation\Http\{closure}(Object(Illuminate\Http\Request))
#24 /var/www/html/laravel/vendor/compiled.php(8952): call_user_func(Object(Closure), Object(Illuminate\Http\Request))
#25 /var/www/html/laravel/vendor/compiled.php(2438): Illuminate\Pipeline\Pipeline->Illuminate\Pipeline\{closure}(Object(Illuminate\Http\Request))
#26 /var/www/html/laravel/app/Http/Middleware/VerifyCsrfToken.php(17): Illuminate\Foundation\Http\Middleware\VerifyCsrfToken->handle(Object(Illuminate\Http\Request), Object(Closure))
#27 /var/www/html/laravel/vendor/compiled.php(8944): App\Http\Middleware\VerifyCsrfToken->handle(Object(Illuminate\Http\Request), Object(Closure))
#28 /var/www/html/laravel/vendor/compiled.php(12083): Illuminate\Pipeline\Pipeline->Illuminate\Pipeline\{closure}(Object(Illuminate\Http\Request))
#29 /var/www/html/laravel/vendor/compiled.php(8944): Illuminate\View\Middleware\ShareErrorsFromSession->handle(Object(Illuminate\Http\Request), Object(Closure))
#30 /var/www/html/laravel/vendor/compiled.php(10785): Illuminate\Pipeline\Pipeline->Illuminate\Pipeline\{closure}(Object(Illuminate\Http\Request))
#31 /var/www/html/laravel/vendor/compiled.php(8944): Illuminate\Session\Middleware\StartSession->handle(Object(Illuminate\Http\Request), Object(Closure))
#32 /var/www/html/laravel/vendor/compiled.php(11789): Illuminate\Pipeline\Pipeline->Illuminate\Pipeline\{closure}(Object(Illuminate\Http\Request))
#33 /var/www/html/laravel/vendor/compiled.php(8944): Illuminate\Cookie\Middleware\AddQueuedCookiesToResponse->handle(Object(Illuminate\Http\Request), Object(Closure))
#34 /var/www/html/laravel/vendor/compiled.php(11738): Illuminate\Pipeline\Pipeline->Illuminate\Pipeline\{closure}(Object(Illuminate\Http\Request))
#35 /var/www/html/laravel/vendor/compiled.php(8944): Illuminate\Cookie\Middleware\EncryptCookies->handle(Object(Illuminate\Http\Request), Object(Closure))
#36 /var/www/html/laravel/vendor/compiled.php(2478): Illuminate\Pipeline\Pipeline->Illuminate\Pipeline\{closure}(Object(Illuminate\Http\Request))
#37 /var/www/html/laravel/vendor/compiled.php(8944): Illuminate\Foundation\Http\Middleware\CheckForMaintenanceMode->handle(Object(Illuminate\Http\Request), Object(Closure))
#38 [internal function]: Illuminate\Pipeline\Pipeline->Illuminate\Pipeline\{closure}(Object(Illuminate\Http\Request))
#39 /var/www/html/laravel/vendor/compiled.php(8935): call_user_func(Object(Closure), Object(Illuminate\Http\Request))
#40 /var/www/html/laravel/vendor/compiled.php(1891): Illuminate\Pipeline\Pipeline->then(Object(Closure))
#41 /var/www/html/laravel/vendor/compiled.php(1880): Illuminate\Foundation\Http\Kernel->sendRequestThroughRouter(Object(Illuminate\Http\Request))
#42 /var/www/html/laravel/public/index.php(53): Illuminate\Foundation\Http\Kernel->handle(Object(Illuminate\Http\Request))
#43 {main}  
[2018-04-10 08:13:28] local.ERROR: exception 'BadMethodCallException' with message 'Method [paginate] does not exist.' in /var/www/html/laravel/vendor/compiled.php:8295
Stack trace:
#0 [internal function]: Illuminate\Routing\Controller->__call('paginate', Array)
#1 [internal function]: App\Http\Controllers\IndexController->paginate()
#2 /var/www/html/laravel/vendor/compiled.php(8287): call_user_func_array(Array, Array)
#3 /var/www/html/laravel/vendor/compiled.php(8354): Illuminate\Routing\Controller->callAction('paginate', Array)
#4 /var/www/html/laravel/vendor/compiled.php(8333): Illuminate\Routing\ControllerDispatcher->call(Object(App\Http\Controllers\IndexController), Object(Illuminate\Routing\Route), 'paginate')
#5 [internal function]: Illuminate\Routing\ControllerDispatcher->Illuminate\Routing\{closure}(Object(Illuminate\Http\Request))
#6 /var/www/html/laravel/vendor/compiled.php(8952): call_user_func(Object(Closure), Object(Illuminate\Http\Request))
#7 [internal function]: Illuminate\Pipeline\Pipeline->Illuminate\Pipeline\{closure}(Object(Illuminate\Http\Request))
#8 /var/www/html/laravel/vendor/compiled.php(8935): call_user_func(Object(Closure), Object(Illuminate\Http\Request))
#9 /var/www/html/laravel/vendor/compiled.php(8334): Illuminate\Pipeline\Pipeline->then(Object(Closure))
#10 /var/www/html/laravel/vendor/compiled.php(8320): Illuminate\Routing\ControllerDispatcher->callWithinStack(Object(App\Http\Controllers\IndexController), Object(Illuminate\Routing\Route), Object(Illuminate\Http\Request), 'paginate')
#11 /var/www/html/laravel/vendor/compiled.php(7317): Illuminate\Routing\ControllerDispatcher->dispatch(Object(Illuminate\Routing\Route), Object(Illuminate\Http\Request), 'App\\Http\\Contro...', 'paginate')
#12 /var/www/html/laravel/vendor/compiled.php(7288): Illuminate\Routing\Route->runWithCustomDispatcher(Object(Illuminate\Http\Request))
#13 /var/www/html/laravel/vendor/compiled.php(6954): Illuminate\Routing\Route->run(Object(Illuminate\Http\Request))
#14 [internal function]: Illuminate\Routing\Router->Illuminate\Routing\{closure}(Object(Illuminate\Http\Request))
#15 /var/www/html/laravel/vendor/compiled.php(8952): call_user_func(Object(Closure), Object(Illuminate\Http\Request))
#16 [internal function]: Illuminate\Pipeline\Pipeline->Illuminate\Pipeline\{closure}(Object(Illuminate\Http\Request))
#17 /var/www/html/laravel/vendor/compiled.php(8935): call_user_func(Object(Closure), Object(Illuminate\Http\Request))
#18 /var/www/html/laravel/vendor/compiled.php(6955): Illuminate\Pipeline\Pipeline->then(Object(Closure))
#19 /var/www/html/laravel/vendor/compiled.php(6944): Illuminate\Routing\Router->runRouteWithinStack(Object(Illuminate\Routing\Route), Object(Illuminate\Http\Request))
#20 /var/www/html/laravel/vendor/compiled.php(6929): Illuminate\Routing\Router->dispatchToRoute(Object(Illuminate\Http\Request))
#21 /var/www/html/laravel/vendor/compiled.php(1935): Illuminate\Routing\Router->dispatch(Object(Illuminate\Http\Request))
#22 [internal function]: Illuminate\Foundation\Http\Kernel->Illuminate\Foundation\Http\{closure}(Object(Illuminate\Http\Request))
#23 /var/www/html/laravel/vendor/compiled.php(8952): call_user_func(Object(Closure), Object(Illuminate\Http\Request))
#24 /var/www/html/laravel/vendor/compiled.php(2438): Illuminate\Pipeline\Pipeline->Illuminate\Pipeline\{closure}(Object(Illuminate\Http\Request))
#25 /var/www/html/laravel/app/Http/Middleware/VerifyCsrfToken.php(17): Illuminate\Foundation\Http\Middleware\VerifyCsrfToken->handle(Object(Illuminate\Http\Request), Object(Closure))
#26 /var/www/html/laravel/vendor/compiled.php(8944): App\Http\Middleware\VerifyCsrfToken->handle(Object(Illuminate\Http\Request), Object(Closure))
#27 /var/www/html/laravel/vendor/compiled.php(12083): Illuminate\Pipeline\Pipeline->Illuminate\Pipeline\{closure}(Object(Illuminate\Http\Request))
#28 /var/www/html/laravel/vendor/compiled.php(8944): Illuminate\View\Middleware\ShareErrorsFromSession->handle(Object(Illuminate\Http\Request), Object(Closure))
#29 /var/www/html/laravel/vendor/compiled.php(10785): Illuminate\Pipeline\Pipeline->Illuminate\Pipeline\{closure}(Object(Illuminate\Http\Request))
#30 /var/www/html/laravel/vendor/compiled.php(8944): Illuminate\Session\Middleware\StartSession->handle(Object(Illuminate\Http\Request), Object(Closure))
#31 /var/www/html/laravel/vendor/compiled.php(11789): Illuminate\Pipeline\Pipeline->Illuminate\Pipeline\{closure}(Object(Illuminate\Http\Request))
#32 /var/www/html/laravel/vendor/compiled.php(8944): Illuminate\Cookie\Middleware\AddQueuedCookiesToResponse->handle(Object(Illuminate\Http\Request), Object(Closure))
#33 /var/www/html/laravel/vendor/compiled.php(11738): Illuminate\Pipeline\Pipeline->Illuminate\Pipeline\{closure}(Object(Illuminate\Http\Request))
#34 /var/www/html/laravel/vendor/compiled.php(8944): Illuminate\Cookie\Middleware\EncryptCookies->handle(Object(Illuminate\Http\Request), Object(Closure))
#35 /var/www/html/laravel/vendor/compiled.php(2478): Illuminate\Pipeline\Pipeline->Illuminate\Pipeline\{closure}(Object(Illuminate\Http\Request))
#36 /var/www/html/laravel/vendor/compiled.php(8944): Illuminate\Foundation\Http\Middleware\CheckForMaintenanceMode->handle(Object(Illuminate\Http\Request), Object(Closure))
#37 [internal function]: Illuminate\Pipeline\Pipeline->Illuminate\Pipeline\{closure}(Object(Illuminate\Http\Request))
#38 /var/www/html/laravel/vendor/compiled.php(8935): call_user_func(Object(Closure), Object(Illuminate\Http\Request))
#39 /var/www/html/laravel/vendor/compiled.php(1891): Illuminate\Pipeline\Pipeline->then(Object(Closure))
#40 /var/www/html/laravel/vendor/compiled.php(1880): Illuminate\Foundation\Http\Kernel->sendRequestThroughRouter(Object(Illuminate\Http\Request))
#41 /var/www/html/laravel/public/index.php(53): Illuminate\Foundation\Http\Kernel->handle(Object(Illuminate\Http\Request))
#42 {main}  
[2018-04-10 08:13:30] local.ERROR: exception 'BadMethodCallException' with message 'Method [paginate] does not exist.' in /var/www/html/laravel/vendor/compiled.php:8295
Stack trace:
#0 [internal function]: Illuminate\Routing\Controller->__call('paginate', Array)
#1 [internal function]: App\Http\Controllers\IndexController->paginate()
#2 /var/www/html/laravel/vendor/compiled.php(8287): call_user_func_array(Array, Array)
#3 /var/www/html/laravel/vendor/compiled.php(8354): Illuminate\Routing\Controller->callAction('paginate', Array)
#4 /var/www/html/laravel/vendor/compiled.php(8333): Illuminate\Routing\ControllerDispatcher->call(Object(App\Http\Controllers\IndexController), Object(Illuminate\Routing\Route), 'paginate')
#5 [internal function]: Illuminate\Routing\ControllerDispatcher->Illuminate\Routing\{closure}(Object(Illuminate\Http\Request))
#6 /var/www/html/laravel/vendor/compiled.php(8952): call_user_func(Object(Closure), Object(Illuminate\Http\Request))
#7 [internal function]: Illuminate\Pipeline\Pipeline->Illuminate\Pipeline\{closure}(Object(Illuminate\Http\Request))
#8 /var/www/html/laravel/vendor/compiled.php(8935): call_user_func(Object(Closure), Object(Illuminate\Http\Request))
#9 /var/www/html/laravel/vendor/compiled.php(8334): Illuminate\Pipeline\Pipeline->then(Object(Closure))
#10 /var/www/html/laravel/vendor/compiled.php(8320): Illuminate\Routing\ControllerDispatcher->callWithinStack(Object(App\Http\Controllers\IndexController), Object(Illuminate\Routing\Route), Object(Illuminate\Http\Request), 'paginate')
#11 /var/www/html/laravel/vendor/compiled.php(7317): Illuminate\Routing\ControllerDispatcher->dispatch(Object(Illuminate\Routing\Route), Object(Illuminate\Http\Request), 'App\\Http\\Contro...', 'paginate')
#12 /var/www/html/laravel/vendor/compiled.php(7288): Illuminate\Routing\Route->runWithCustomDispatcher(Object(Illuminate\Http\Request))
#13 /var/www/html/laravel/vendor/compiled.php(6954): Illuminate\Routing\Route->run(Object(Illuminate\Http\Request))
#14 [internal function]: Illuminate\Routing\Router->Illuminate\Routing\{closure}(Object(Illuminate\Http\Request))
#15 /var/www/html/laravel/vendor/compiled.php(8952): call_user_func(Object(Closure), Object(Illuminate\Http\Request))
#16 [internal function]: Illuminate\Pipeline\Pipeline->Illuminate\Pipeline\{closure}(Object(Illuminate\Http\Request))
#17 /var/www/html/laravel/vendor/compiled.php(8935): call_user_func(Object(Closure), Object(Illuminate\Http\Request))
#18 /var/www/html/laravel/vendor/compiled.php(6955): Illuminate\Pipeline\Pipeline->then(Object(Closure))
#19 /var/www/html/laravel/vendor/compiled.php(6944): Illuminate\Routing\Router->runRouteWithinStack(Object(Illuminate\Routing\Route), Object(Illuminate\Http\Request))
#20 /var/www/html/laravel/vendor/compiled.php(6929): Illuminate\Routing\Router->dispatchToRoute(Object(Illuminate\Http\Request))
#21 /var/www/html/laravel/vendor/compiled.php(1935): Illuminate\Routing\Router->dispatch(Object(Illuminate\Http\Request))
#22 [internal function]: Illuminate\Foundation\Http\Kernel->Illuminate\Foundation\Http\{closure}(Object(Illuminate\Http\Request))
#23 /var/www/html/laravel/vendor/compiled.php(8952): call_user_func(Object(Closure), Object(Illuminate\Http\Request))
#24 /var/www/html/laravel/vendor/compiled.php(2438): Illuminate\Pipeline\Pipeline->Illuminate\Pipeline\{closure}(Object(Illuminate\Http\Request))
#25 /var/www/html/laravel/app/Http/Middleware/VerifyCsrfToken.php(17): Illuminate\Foundation\Http\Middleware\VerifyCsrfToken->handle(Object(Illuminate\Http\Request), Object(Closure))
#26 /var/www/html/laravel/vendor/compiled.php(8944): App\Http\Middleware\VerifyCsrfToken->handle(Object(Illuminate\Http\Request), Object(Closure))
#27 /var/www/html/laravel/vendor/compiled.php(12083): Illuminate\Pipeline\Pipeline->Illuminate\Pipeline\{closure}(Object(Illuminate\Http\Request))
#28 /var/www/html/laravel/vendor/compiled.php(8944): Illuminate\View\Middleware\ShareErrorsFromSession->handle(Object(Illuminate\Http\Request), Object(Closure))
#29 /var/www/html/laravel/vendor/compiled.php(10785): Illuminate\Pipeline\Pipeline->Illuminate\Pipeline\{closure}(Object(Illuminate\Http\Request))
#30 /var/www/html/laravel/vendor/compiled.php(8944): Illuminate\Session\Middleware\StartSession->handle(Object(Illuminate\Http\Request), Object(Closure))
#31 /var/www/html/laravel/vendor/compiled.php(11789): Illuminate\Pipeline\Pipeline->Illuminate\Pipeline\{closure}(Object(Illuminate\Http\Request))
#32 /var/www/html/laravel/vendor/compiled.php(8944): Illuminate\Cookie\Middleware\AddQueuedCookiesToResponse->handle(Object(Illuminate\Http\Request), Object(Closure))
#33 /var/www/html/laravel/vendor/compiled.php(11738): Illuminate\Pipeline\Pipeline->Illuminate\Pipeline\{closure}(Object(Illuminate\Http\Request))
#34 /var/www/html/laravel/vendor/compiled.php(8944): Illuminate\Cookie\Middleware\EncryptCookies->handle(Object(Illuminate\Http\Request), Object(Closure))
#35 /var/www/html/laravel/vendor/compiled.php(2478): Illuminate\Pipeline\Pipeline->Illuminate\Pipeline\{closure}(Object(Illuminate\Http\Request))
#36 /var/www/html/laravel/vendor/compiled.php(8944): Illuminate\Foundation\Http\Middleware\CheckForMaintenanceMode->handle(Object(Illuminate\Http\Request), Object(Closure))
#37 [internal function]: Illuminate\Pipeline\Pipeline->Illuminate\Pipeline\{closure}(Object(Illuminate\Http\Request))
#38 /var/www/html/laravel/vendor/compiled.php(8935): call_user_func(Object(Closure), Object(Illuminate\Http\Request))
#39 /var/www/html/laravel/vendor/compiled.php(1891): Illuminate\Pipeline\Pipeline->then(Object(Closure))
#40 /var/www/html/laravel/vendor/compiled.php(1880): Illuminate\Foundation\Http\Kernel->sendRequestThroughRouter(Object(Illuminate\Http\Request))
#41 /var/www/html/laravel/public/index.php(53): Illuminate\Foundation\Http\Kernel->handle(Object(Illuminate\Http\Request))
#42 {main}  
[2018-04-10 08:32:30] local.ERROR: exception 'InvalidArgumentException' with message 'Command "make：auth" is not defined.' in /var/www/html/laravel/vendor/symfony/console/Symfony/Component/Console/Application.php:549
Stack trace:
#0 /var/www/html/laravel/vendor/symfony/console/Symfony/Component/Console/Application.php(192): Symfony\Component\Console\Application->find('make\xEF\xBC\x9Aauth')
#1 /var/www/html/laravel/vendor/symfony/console/Symfony/Component/Console/Application.php(126): Symfony\Component\Console\Application->doRun(Object(Symfony\Component\Console\Input\ArgvInput), Object(Symfony\Component\Console\Output\ConsoleOutput))
#2 /var/www/html/laravel/vendor/laravel/framework/src/Illuminate/Foundation/Console/Kernel.php(90): Symfony\Component\Console\Application->run(Object(Symfony\Component\Console\Input\ArgvInput), Object(Symfony\Component\Console\Output\ConsoleOutput))
#3 /var/www/html/laravel/artisan(36): Illuminate\Foundation\Console\Kernel->handle(Object(Symfony\Component\Console\Input\ArgvInput), Object(Symfony\Component\Console\Output\ConsoleOutput))
#4 {main}  
[2018-04-10 08:32:41] local.ERROR: exception 'InvalidArgumentException' with message 'Command "mak:aauth" is not defined.

Did you mean one of these?
    make:migration
    make:controller
    make:middleware
    make:request
    make:provider
    make:console
    make:event
    make:model
    make:command' in /var/www/html/laravel/vendor/symfony/console/Symfony/Component/Console/Application.php:549
Stack trace:
#0 /var/www/html/laravel/vendor/symfony/console/Symfony/Component/Console/Application.php(192): Symfony\Component\Console\Application->find('mak:aauth')
#1 /var/www/html/laravel/vendor/symfony/console/Symfony/Component/Console/Application.php(126): Symfony\Component\Console\Application->doRun(Object(Symfony\Component\Console\Input\ArgvInput), Object(Symfony\Component\Console\Output\ConsoleOutput))
#2 /var/www/html/laravel/vendor/laravel/framework/src/Illuminate/Foundation/Console/Kernel.php(90): Symfony\Component\Console\Application->run(Object(Symfony\Component\Console\Input\ArgvInput), Object(Symfony\Component\Console\Output\ConsoleOutput))
#3 /var/www/html/laravel/artisan(36): Illuminate\Foundation\Console\Kernel->handle(Object(Symfony\Component\Console\Input\ArgvInput), Object(Symfony\Component\Console\Output\ConsoleOutput))
#4 {main}  
[2018-04-10 08:32:47] local.ERROR: exception 'InvalidArgumentException' with message 'Command "mak:auth" is not defined.

Did you mean one of these?
    make:migration
    make:controller
    make:middleware
    make:request
    make:provider
    make:console
    make:event
    make:model
    make:command' in /var/www/html/laravel/vendor/symfony/console/Symfony/Component/Console/Application.php:549
Stack trace:
#0 /var/www/html/laravel/vendor/symfony/console/Symfony/Component/Console/Application.php(192): Symfony\Component\Console\Application->find('mak:auth')
#1 /var/www/html/laravel/vendor/symfony/console/Symfony/Component/Console/Application.php(126): Symfony\Component\Console\Application->doRun(Object(Symfony\Component\Console\Input\ArgvInput), Object(Symfony\Component\Console\Output\ConsoleOutput))
#2 /var/www/html/laravel/vendor/laravel/framework/src/Illuminate/Foundation/Console/Kernel.php(90): Symfony\Component\Console\Application->run(Object(Symfony\Component\Console\Input\ArgvInput), Object(Symfony\Component\Console\Output\ConsoleOutput))
#3 /var/www/html/laravel/artisan(36): Illuminate\Foundation\Console\Kernel->handle(Object(Symfony\Component\Console\Input\ArgvInput), Object(Symfony\Component\Console\Output\ConsoleOutput))
#4 {main}  
[2018-04-10 08:32:51] local.ERROR: exception 'InvalidArgumentException' with message 'Command "make:auth" is not defined.

Did you mean one of these?
    make:migration
    make:controller
    make:middleware
    make:request
    make:provider
    make:console
    make:event
    make:model
    make:command' in /var/www/html/laravel/vendor/symfony/console/Symfony/Component/Console/Application.php:549
Stack trace:
#0 /var/www/html/laravel/vendor/symfony/console/Symfony/Component/Console/Application.php(192): Symfony\Component\Console\Application->find('make:auth')
#1 /var/www/html/laravel/vendor/symfony/console/Symfony/Component/Console/Application.php(126): Symfony\Component\Console\Application->doRun(Object(Symfony\Component\Console\Input\ArgvInput), Object(Symfony\Component\Console\Output\ConsoleOutput))
#2 /var/www/html/laravel/vendor/laravel/framework/src/Illuminate/Foundation/Console/Kernel.php(90): Symfony\Component\Console\Application->run(Object(Symfony\Component\Console\Input\ArgvInput), Object(Symfony\Component\Console\Output\ConsoleOutput))
#3 /var/www/html/laravel/artisan(36): Illuminate\Foundation\Console\Kernel->handle(Object(Symfony\Component\Console\Input\ArgvInput), Object(Symfony\Component\Console\Output\ConsoleOutput))
#4 {main}  
