[2018-04-08 05:04:07] local.ERROR: exception 'InvalidArgumentException' with message 'View [layout] not found.' in /var/www/html/laravel/vendor/compiled.php:12898
Stack trace:
#0 /var/www/html/laravel/vendor/compiled.php(12871): Illuminate\View\FileViewFinder->findInPaths('layout', Array)
#1 /var/www/html/laravel/vendor/compiled.php(12996): Illuminate\View\FileViewFinder->find('layout')
#2 /var/www/html/laravel/storage/framework/views/7cf163e3d1dec614b412909bc603919d(5): Illuminate\View\Factory->make('layout', Array)
#3 /var/www/html/laravel/vendor/compiled.php(13650): include('/var/www/html/l...')
#4 /var/www/html/laravel/vendor/compiled.php(13683): Illuminate\View\Engines\PhpEngine->evaluatePath('/var/www/html/l...', Array)
#5 /var/www/html/laravel/vendor/compiled.php(13523): Illuminate\View\Engines\CompilerEngine->get('/var/www/html/l...', Array)
#6 /var/www/html/laravel/vendor/compiled.php(13510): Illuminate\View\View->getContents()
#7 /var/www/html/laravel/vendor/compiled.php(13501): Illuminate\View\View->renderContents()
#8 /var/www/html/laravel/vendor/compiled.php(14597): Illuminate\View\View->render()
#9 /var/www/html/laravel/vendor/compiled.php(14126): Illuminate\Http\Response->setContent(Object(Illuminate\View\View))
#10 /var/www/html/laravel/vendor/compiled.php(7154): Symfony\Component\HttpFoundation\Response->__construct(Object(Illuminate\View\View))
#11 /var/www/html/laravel/vendor/compiled.php(6954): Illuminate\Routing\Router->prepareResponse(Object(Illuminate\Http\Request), Object(Illuminate\View\View))
#12 [internal function]: Illuminate\Routing\Router->Illuminate\Routing\{closure}(Object(Illuminate\Http\Request))
#13 /var/www/html/laravel/vendor/compiled.php(8952): call_user_func(Object(Closure), Object(Illuminate\Http\Request))
#14 [internal function]: Illuminate\Pipeline\Pipeline->Illuminate\Pipeline\{closure}(Object(Illuminate\Http\Request))
#15 /var/www/html/laravel/vendor/compiled.php(8935): call_user_func(Object(Closure), Object(Illuminate\Http\Request))
#16 /var/www/html/laravel/vendor/compiled.php(6955): Illuminate\Pipeline\Pipeline->then(Object(Closure))
#17 /var/www/html/laravel/vendor/compiled.php(6944): Illuminate\Routing\Router->runRouteWithinStack(Object(Illuminate\Routing\Route), Object(Illuminate\Http\Request))
#18 /var/www/html/laravel/vendor/compiled.php(6929): Illuminate\Routing\Router->dispatchToRoute(Object(Illuminate\Http\Request))
#19 /var/www/html/laravel/vendor/compiled.php(1935): Illuminate\Routing\Router->dispatch(Object(Illuminate\Http\Request))
#20 [internal function]: Illuminate\Foundation\Http\Kernel->Illuminate\Foundation\Http\{closure}(Object(Illuminate\Http\Request))
#21 /var/www/html/laravel/vendor/compiled.php(8952): call_user_func(Object(Closure), Object(Illuminate\Http\Request))
#22 /var/www/html/laravel/vendor/compiled.php(2438): Illuminate\Pipeline\Pipeline->Illuminate\Pipeline\{closure}(Object(Illuminate\Http\Request))
#23 /var/www/html/laravel/app/Http/Middleware/VerifyCsrfToken.php(17): Illuminate\Foundation\Http\Middleware\VerifyCsrfToken->handle(Object(Illuminate\Http\Request), Object(Closure))
#24 /var/www/html/laravel/vendor/compiled.php(8944): App\Http\Middleware\VerifyCsrfToken->handle(Object(Illuminate\Http\Request), Object(Closure))
#25 /var/www/html/laravel/vendor/compiled.php(12083): Illuminate\Pipeline\Pipeline->Illuminate\Pipeline\{closure}(Object(Illuminate\Http\Request))
#26 /var/www/html/laravel/vendor/compiled.php(8944): Illuminate\View\Middleware\ShareErrorsFromSession->handle(Object(Illuminate\Http\Request), Object(Closure))
#27 /var/www/html/laravel/vendor/compiled.php(10785): Illuminate\Pipeline\Pipeline->Illuminate\Pipeline\{closure}(Object(Illuminate\Http\Request))
#28 /var/www/html/laravel/vendor/compiled.php(8944): Illuminate\Session\Middleware\StartSession->handle(Object(Illuminate\Http\Request), Object(Closure))
#29 /var/www/html/laravel/vendor/compiled.php(11789): Illuminate\Pipeline\Pipeline->Illuminate\Pipeline\{closure}(Object(Illuminate\Http\Request))
#30 /var/www/html/laravel/vendor/compiled.php(8944): Illuminate\Cookie\Middleware\AddQueuedCookiesToResponse->handle(Object(Illuminate\Http\Request), Object(Closure))
#31 /var/www/html/laravel/vendor/compiled.php(11738): Illuminate\Pipeline\Pipeline->Illuminate\Pipeline\{closure}(Object(Illuminate\Http\Request))
#32 /var/www/html/laravel/vendor/compiled.php(8944): Illuminate\Cookie\Middleware\EncryptCookies->handle(Object(Illuminate\Http\Request), Object(Closure))
#33 /var/www/html/laravel/vendor/compiled.php(2478): Illuminate\Pipeline\Pipeline->Illuminate\Pipeline\{closure}(Object(Illuminate\Http\Request))
#34 /var/www/html/laravel/vendor/compiled.php(8944): Illuminate\Foundation\Http\Middleware\CheckForMaintenanceMode->handle(Object(Illuminate\Http\Request), Object(Closure))
#35 [internal function]: Illuminate\Pipeline\Pipeline->Illuminate\Pipeline\{closure}(Object(Illuminate\Http\Request))
#36 /var/www/html/laravel/vendor/compiled.php(8935): call_user_func(Object(Closure), Object(Illuminate\Http\Request))
#37 /var/www/html/laravel/vendor/compiled.php(1891): Illuminate\Pipeline\Pipeline->then(Object(Closure))
#38 /var/www/html/laravel/vendor/compiled.php(1880): Illuminate\Foundation\Http\Kernel->sendRequestThroughRouter(Object(Illuminate\Http\Request))
#39 /var/www/html/laravel/public/index.php(53): Illuminate\Foundation\Http\Kernel->handle(Object(Illuminate\Http\Request))
#40 {main}

Next exception 'ErrorException' with message 'View [layout] not found. (View: /var/www/html/laravel/resources/views/users.blade.php)' in /var/www/html/laravel/vendor/compiled.php:12898
Stack trace:
#0 /var/www/html/laravel/vendor/compiled.php(13652): Illuminate\View\Engines\CompilerEngine->handleViewException(Object(InvalidArgumentException), 1)
#1 /var/www/html/laravel/vendor/compiled.php(13683): Illuminate\View\Engines\PhpEngine->evaluatePath('/var/www/html/l...', Array)
#2 /var/www/html/laravel/vendor/compiled.php(13523): Illuminate\View\Engines\CompilerEngine->get('/var/www/html/l...', Array)
#3 /var/www/html/laravel/vendor/compiled.php(13510): Illuminate\View\View->getContents()
#4 /var/www/html/laravel/vendor/compiled.php(13501): Illuminate\View\View->renderContents()
#5 /var/www/html/laravel/vendor/compiled.php(14597): Illuminate\View\View->render()
#6 /var/www/html/laravel/vendor/compiled.php(14126): Illuminate\Http\Response->setContent(Object(Illuminate\View\View))
#7 /var/www/html/laravel/vendor/compiled.php(7154): Symfony\Component\HttpFoundation\Response->__construct(Object(Illuminate\View\View))
#8 /var/www/html/laravel/vendor/compiled.php(6954): Illuminate\Routing\Router->prepareResponse(Object(Illuminate\Http\Request), Object(Illuminate\View\View))
#9 [internal function]: Illuminate\Routing\Router->Illuminate\Routing\{closure}(Object(Illuminate\Http\Request))
#10 /var/www/html/laravel/vendor/compiled.php(8952): call_user_func(Object(Closure), Object(Illuminate\Http\Request))
#11 [internal function]: Illuminate\Pipeline\Pipeline->Illuminate\Pipeline\{closure}(Object(Illuminate\Http\Request))
#12 /var/www/html/laravel/vendor/compiled.php(8935): call_user_func(Object(Closure), Object(Illuminate\Http\Request))
#13 /var/www/html/laravel/vendor/compiled.php(6955): Illuminate\Pipeline\Pipeline->then(Object(Closure))
#14 /var/www/html/laravel/vendor/compiled.php(6944): Illuminate\Routing\Router->runRouteWithinStack(Object(Illuminate\Routing\Route), Object(Illuminate\Http\Request))
#15 /var/www/html/laravel/vendor/compiled.php(6929): Illuminate\Routing\Router->dispatchToRoute(Object(Illuminate\Http\Request))
#16 /var/www/html/laravel/vendor/compiled.php(1935): Illuminate\Routing\Router->dispatch(Object(Illuminate\Http\Request))
#17 [internal function]: Illuminate\Foundation\Http\Kernel->Illuminate\Foundation\Http\{closure}(Object(Illuminate\Http\Request))
#18 /var/www/html/laravel/vendor/compiled.php(8952): call_user_func(Object(Closure), Object(Illuminate\Http\Request))
#19 /var/www/html/laravel/vendor/compiled.php(2438): Illuminate\Pipeline\Pipeline->Illuminate\Pipeline\{closure}(Object(Illuminate\Http\Request))
#20 /var/www/html/laravel/app/Http/Middleware/VerifyCsrfToken.php(17): Illuminate\Foundation\Http\Middleware\VerifyCsrfToken->handle(Object(Illuminate\Http\Request), Object(Closure))
#21 /var/www/html/laravel/vendor/compiled.php(8944): App\Http\Middleware\VerifyCsrfToken->handle(Object(Illuminate\Http\Request), Object(Closure))
#22 /var/www/html/laravel/vendor/compiled.php(12083): Illuminate\Pipeline\Pipeline->Illuminate\Pipeline\{closure}(Object(Illuminate\Http\Request))
#23 /var/www/html/laravel/vendor/compiled.php(8944): Illuminate\View\Middleware\ShareErrorsFromSession->handle(Object(Illuminate\Http\Request), Object(Closure))
#24 /var/www/html/laravel/vendor/compiled.php(10785): Illuminate\Pipeline\Pipeline->Illuminate\Pipeline\{closure}(Object(Illuminate\Http\Request))
#25 /var/www/html/laravel/vendor/compiled.php(8944): Illuminate\Session\Middleware\StartSession->handle(Object(Illuminate\Http\Request), Object(Closure))
#26 /var/www/html/laravel/vendor/compiled.php(11789): Illuminate\Pipeline\Pipeline->Illuminate\Pipeline\{closure}(Object(Illuminate\Http\Request))
#27 /var/www/html/laravel/vendor/compiled.php(8944): Illuminate\Cookie\Middleware\AddQueuedCookiesToResponse->handle(Object(Illuminate\Http\Request), Object(Closure))
#28 /var/www/html/laravel/vendor/compiled.php(11738): Illuminate\Pipeline\Pipeline->Illuminate\Pipeline\{closure}(Object(Illuminate\Http\Request))
#29 /var/www/html/laravel/vendor/compiled.php(8944): Illuminate\Cookie\Middleware\EncryptCookies->handle(Object(Illuminate\Http\Request), Object(Closure))
#30 /var/www/html/laravel/vendor/compiled.php(2478): Illuminate\Pipeline\Pipeline->Illuminate\Pipeline\{closure}(Object(Illuminate\Http\Request))
#31 /var/www/html/laravel/vendor/compiled.php(8944): Illuminate\Foundation\Http\Middleware\CheckForMaintenanceMode->handle(Object(Illuminate\Http\Request), Object(Closure))
#32 [internal function]: Illuminate\Pipeline\Pipeline->Illuminate\Pipeline\{closure}(Object(Illuminate\Http\Request))
#33 /var/www/html/laravel/vendor/compiled.php(8935): call_user_func(Object(Closure), Object(Illuminate\Http\Request))
#34 /var/www/html/laravel/vendor/compiled.php(1891): Illuminate\Pipeline\Pipeline->then(Object(Closure))
#35 /var/www/html/laravel/vendor/compiled.php(1880): Illuminate\Foundation\Http\Kernel->sendRequestThroughRouter(Object(Illuminate\Http\Request))
#36 /var/www/html/laravel/public/index.php(53): Illuminate\Foundation\Http\Kernel->handle(Object(Illuminate\Http\Request))
#37 {main}  
[2018-04-08 05:05:23] local.ERROR: exception 'InvalidArgumentException' with message 'View [layout] not found.' in /var/www/html/laravel/vendor/compiled.php:12898
Stack trace:
#0 /var/www/html/laravel/vendor/compiled.php(12871): Illuminate\View\FileViewFinder->findInPaths('layout', Array)
#1 /var/www/html/laravel/vendor/compiled.php(12996): Illuminate\View\FileViewFinder->find('layout')
#2 /var/www/html/laravel/storage/framework/views/7cf163e3d1dec614b412909bc603919d(5): Illuminate\View\Factory->make('layout', Array)
#3 /var/www/html/laravel/vendor/compiled.php(13650): include('/var/www/html/l...')
#4 /var/www/html/laravel/vendor/compiled.php(13683): Illuminate\View\Engines\PhpEngine->evaluatePath('/var/www/html/l...', Array)
#5 /var/www/html/laravel/vendor/compiled.php(13523): Illuminate\View\Engines\CompilerEngine->get('/var/www/html/l...', Array)
#6 /var/www/html/laravel/vendor/compiled.php(13510): Illuminate\View\View->getContents()
#7 /var/www/html/laravel/vendor/compiled.php(13501): Illuminate\View\View->renderContents()
#8 /var/www/html/laravel/vendor/compiled.php(14597): Illuminate\View\View->render()
#9 /var/www/html/laravel/vendor/compiled.php(14126): Illuminate\Http\Response->setContent(Object(Illuminate\View\View))
#10 /var/www/html/laravel/vendor/compiled.php(7154): Symfony\Component\HttpFoundation\Response->__construct(Object(Illuminate\View\View))
#11 /var/www/html/laravel/vendor/compiled.php(6954): Illuminate\Routing\Router->prepareResponse(Object(Illuminate\Http\Request), Object(Illuminate\View\View))
#12 [internal function]: Illuminate\Routing\Router->Illuminate\Routing\{closure}(Object(Illuminate\Http\Request))
#13 /var/www/html/laravel/vendor/compiled.php(8952): call_user_func(Object(Closure), Object(Illuminate\Http\Request))
#14 [internal function]: Illuminate\Pipeline\Pipeline->Illuminate\Pipeline\{closure}(Object(Illuminate\Http\Request))
#15 /var/www/html/laravel/vendor/compiled.php(8935): call_user_func(Object(Closure), Object(Illuminate\Http\Request))
#16 /var/www/html/laravel/vendor/compiled.php(6955): Illuminate\Pipeline\Pipeline->then(Object(Closure))
#17 /var/www/html/laravel/vendor/compiled.php(6944): Illuminate\Routing\Router->runRouteWithinStack(Object(Illuminate\Routing\Route), Object(Illuminate\Http\Request))
#18 /var/www/html/laravel/vendor/compiled.php(6929): Illuminate\Routing\Router->dispatchToRoute(Object(Illuminate\Http\Request))
#19 /var/www/html/laravel/vendor/compiled.php(1935): Illuminate\Routing\Router->dispatch(Object(Illuminate\Http\Request))
#20 [internal function]: Illuminate\Foundation\Http\Kernel->Illuminate\Foundation\Http\{closure}(Object(Illuminate\Http\Request))
#21 /var/www/html/laravel/vendor/compiled.php(8952): call_user_func(Object(Closure), Object(Illuminate\Http\Request))
#22 /var/www/html/laravel/vendor/compiled.php(2438): Illuminate\Pipeline\Pipeline->Illuminate\Pipeline\{closure}(Object(Illuminate\Http\Request))
#23 /var/www/html/laravel/app/Http/Middleware/VerifyCsrfToken.php(17): Illuminate\Foundation\Http\Middleware\VerifyCsrfToken->handle(Object(Illuminate\Http\Request), Object(Closure))
#24 /var/www/html/laravel/vendor/compiled.php(8944): App\Http\Middleware\VerifyCsrfToken->handle(Object(Illuminate\Http\Request), Object(Closure))
#25 /var/www/html/laravel/vendor/compiled.php(12083): Illuminate\Pipeline\Pipeline->Illuminate\Pipeline\{closure}(Object(Illuminate\Http\Request))
#26 /var/www/html/laravel/vendor/compiled.php(8944): Illuminate\View\Middleware\ShareErrorsFromSession->handle(Object(Illuminate\Http\Request), Object(Closure))
#27 /var/www/html/laravel/vendor/compiled.php(10785): Illuminate\Pipeline\Pipeline->Illuminate\Pipeline\{closure}(Object(Illuminate\Http\Request))
#28 /var/www/html/laravel/vendor/compiled.php(8944): Illuminate\Session\Middleware\StartSession->handle(Object(Illuminate\Http\Request), Object(Closure))
#29 /var/www/html/laravel/vendor/compiled.php(11789): Illuminate\Pipeline\Pipeline->Illuminate\Pipeline\{closure}(Object(Illuminate\Http\Request))
#30 /var/www/html/laravel/vendor/compiled.php(8944): Illuminate\Cookie\Middleware\AddQueuedCookiesToResponse->handle(Object(Illuminate\Http\Request), Object(Closure))
#31 /var/www/html/laravel/vendor/compiled.php(11738): Illuminate\Pipeline\Pipeline->Illuminate\Pipeline\{closure}(Object(Illuminate\Http\Request))
#32 /var/www/html/laravel/vendor/compiled.php(8944): Illuminate\Cookie\Middleware\EncryptCookies->handle(Object(Illuminate\Http\Request), Object(Closure))
#33 /var/www/html/laravel/vendor/compiled.php(2478): Illuminate\Pipeline\Pipeline->Illuminate\Pipeline\{closure}(Object(Illuminate\Http\Request))
#34 /var/www/html/laravel/vendor/compiled.php(8944): Illuminate\Foundation\Http\Middleware\CheckForMaintenanceMode->handle(Object(Illuminate\Http\Request), Object(Closure))
#35 [internal function]: Illuminate\Pipeline\Pipeline->Illuminate\Pipeline\{closure}(Object(Illuminate\Http\Request))
#36 /var/www/html/laravel/vendor/compiled.php(8935): call_user_func(Object(Closure), Object(Illuminate\Http\Request))
#37 /var/www/html/laravel/vendor/compiled.php(1891): Illuminate\Pipeline\Pipeline->then(Object(Closure))
#38 /var/www/html/laravel/vendor/compiled.php(1880): Illuminate\Foundation\Http\Kernel->sendRequestThroughRouter(Object(Illuminate\Http\Request))
#39 /var/www/html/laravel/public/index.php(53): Illuminate\Foundation\Http\Kernel->handle(Object(Illuminate\Http\Request))
#40 {main}

Next exception 'ErrorException' with message 'View [layout] not found. (View: /var/www/html/laravel/resources/views/users.blade.php)' in /var/www/html/laravel/vendor/compiled.php:12898
Stack trace:
#0 /var/www/html/laravel/vendor/compiled.php(13652): Illuminate\View\Engines\CompilerEngine->handleViewException(Object(InvalidArgumentException), 1)
#1 /var/www/html/laravel/vendor/compiled.php(13683): Illuminate\View\Engines\PhpEngine->evaluatePath('/var/www/html/l...', Array)
#2 /var/www/html/laravel/vendor/compiled.php(13523): Illuminate\View\Engines\CompilerEngine->get('/var/www/html/l...', Array)
#3 /var/www/html/laravel/vendor/compiled.php(13510): Illuminate\View\View->getContents()
#4 /var/www/html/laravel/vendor/compiled.php(13501): Illuminate\View\View->renderContents()
#5 /var/www/html/laravel/vendor/compiled.php(14597): Illuminate\View\View->render()
#6 /var/www/html/laravel/vendor/compiled.php(14126): Illuminate\Http\Response->setContent(Object(Illuminate\View\View))
#7 /var/www/html/laravel/vendor/compiled.php(7154): Symfony\Component\HttpFoundation\Response->__construct(Object(Illuminate\View\View))
#8 /var/www/html/laravel/vendor/compiled.php(6954): Illuminate\Routing\Router->prepareResponse(Object(Illuminate\Http\Request), Object(Illuminate\View\View))
#9 [internal function]: Illuminate\Routing\Router->Illuminate\Routing\{closure}(Object(Illuminate\Http\Request))
#10 /var/www/html/laravel/vendor/compiled.php(8952): call_user_func(Object(Closure), Object(Illuminate\Http\Request))
#11 [internal function]: Illuminate\Pipeline\Pipeline->Illuminate\Pipeline\{closure}(Object(Illuminate\Http\Request))
#12 /var/www/html/laravel/vendor/compiled.php(8935): call_user_func(Object(Closure), Object(Illuminate\Http\Request))
#13 /var/www/html/laravel/vendor/compiled.php(6955): Illuminate\Pipeline\Pipeline->then(Object(Closure))
#14 /var/www/html/laravel/vendor/compiled.php(6944): Illuminate\Routing\Router->runRouteWithinStack(Object(Illuminate\Routing\Route), Object(Illuminate\Http\Request))
#15 /var/www/html/laravel/vendor/compiled.php(6929): Illuminate\Routing\Router->dispatchToRoute(Object(Illuminate\Http\Request))
#16 /var/www/html/laravel/vendor/compiled.php(1935): Illuminate\Routing\Router->dispatch(Object(Illuminate\Http\Request))
#17 [internal function]: Illuminate\Foundation\Http\Kernel->Illuminate\Foundation\Http\{closure}(Object(Illuminate\Http\Request))
#18 /var/www/html/laravel/vendor/compiled.php(8952): call_user_func(Object(Closure), Object(Illuminate\Http\Request))
#19 /var/www/html/laravel/vendor/compiled.php(2438): Illuminate\Pipeline\Pipeline->Illuminate\Pipeline\{closure}(Object(Illuminate\Http\Request))
#20 /var/www/html/laravel/app/Http/Middleware/VerifyCsrfToken.php(17): Illuminate\Foundation\Http\Middleware\VerifyCsrfToken->handle(Object(Illuminate\Http\Request), Object(Closure))
#21 /var/www/html/laravel/vendor/compiled.php(8944): App\Http\Middleware\VerifyCsrfToken->handle(Object(Illuminate\Http\Request), Object(Closure))
#22 /var/www/html/laravel/vendor/compiled.php(12083): Illuminate\Pipeline\Pipeline->Illuminate\Pipeline\{closure}(Object(Illuminate\Http\Request))
#23 /var/www/html/laravel/vendor/compiled.php(8944): Illuminate\View\Middleware\ShareErrorsFromSession->handle(Object(Illuminate\Http\Request), Object(Closure))
#24 /var/www/html/laravel/vendor/compiled.php(10785): Illuminate\Pipeline\Pipeline->Illuminate\Pipeline\{closure}(Object(Illuminate\Http\Request))
#25 /var/www/html/laravel/vendor/compiled.php(8944): Illuminate\Session\Middleware\StartSession->handle(Object(Illuminate\Http\Request), Object(Closure))
#26 /var/www/html/laravel/vendor/compiled.php(11789): Illuminate\Pipeline\Pipeline->Illuminate\Pipeline\{closure}(Object(Illuminate\Http\Request))
#27 /var/www/html/laravel/vendor/compiled.php(8944): Illuminate\Cookie\Middleware\AddQueuedCookiesToResponse->handle(Object(Illuminate\Http\Request), Object(Closure))
#28 /var/www/html/laravel/vendor/compiled.php(11738): Illuminate\Pipeline\Pipeline->Illuminate\Pipeline\{closure}(Object(Illuminate\Http\Request))
#29 /var/www/html/laravel/vendor/compiled.php(8944): Illuminate\Cookie\Middleware\EncryptCookies->handle(Object(Illuminate\Http\Request), Object(Closure))
#30 /var/www/html/laravel/vendor/compiled.php(2478): Illuminate\Pipeline\Pipeline->Illuminate\Pipeline\{closure}(Object(Illuminate\Http\Request))
#31 /var/www/html/laravel/vendor/compiled.php(8944): Illuminate\Foundation\Http\Middleware\CheckForMaintenanceMode->handle(Object(Illuminate\Http\Request), Object(Closure))
#32 [internal function]: Illuminate\Pipeline\Pipeline->Illuminate\Pipeline\{closure}(Object(Illuminate\Http\Request))
#33 /var/www/html/laravel/vendor/compiled.php(8935): call_user_func(Object(Closure), Object(Illuminate\Http\Request))
#34 /var/www/html/laravel/vendor/compiled.php(1891): Illuminate\Pipeline\Pipeline->then(Object(Closure))
#35 /var/www/html/laravel/vendor/compiled.php(1880): Illuminate\Foundation\Http\Kernel->sendRequestThroughRouter(Object(Illuminate\Http\Request))
#36 /var/www/html/laravel/public/index.php(53): Illuminate\Foundation\Http\Kernel->handle(Object(Illuminate\Http\Request))
#37 {main}  
[2018-04-08 05:05:25] local.ERROR: exception 'InvalidArgumentException' with message 'View [layout] not found.' in /var/www/html/laravel/vendor/compiled.php:12898
Stack trace:
#0 /var/www/html/laravel/vendor/compiled.php(12871): Illuminate\View\FileViewFinder->findInPaths('layout', Array)
#1 /var/www/html/laravel/vendor/compiled.php(12996): Illuminate\View\FileViewFinder->find('layout')
#2 /var/www/html/laravel/storage/framework/views/7cf163e3d1dec614b412909bc603919d(5): Illuminate\View\Factory->make('layout', Array)
#3 /var/www/html/laravel/vendor/compiled.php(13650): include('/var/www/html/l...')
#4 /var/www/html/laravel/vendor/compiled.php(13683): Illuminate\View\Engines\PhpEngine->evaluatePath('/var/www/html/l...', Array)
#5 /var/www/html/laravel/vendor/compiled.php(13523): Illuminate\View\Engines\CompilerEngine->get('/var/www/html/l...', Array)
#6 /var/www/html/laravel/vendor/compiled.php(13510): Illuminate\View\View->getContents()
#7 /var/www/html/laravel/vendor/compiled.php(13501): Illuminate\View\View->renderContents()
#8 /var/www/html/laravel/vendor/compiled.php(14597): Illuminate\View\View->render()
#9 /var/www/html/laravel/vendor/compiled.php(14126): Illuminate\Http\Response->setContent(Object(Illuminate\View\View))
#10 /var/www/html/laravel/vendor/compiled.php(7154): Symfony\Component\HttpFoundation\Response->__construct(Object(Illuminate\View\View))
#11 /var/www/html/laravel/vendor/compiled.php(6954): Illuminate\Routing\Router->prepareResponse(Object(Illuminate\Http\Request), Object(Illuminate\View\View))
#12 [internal function]: Illuminate\Routing\Router->Illuminate\Routing\{closure}(Object(Illuminate\Http\Request))
#13 /var/www/html/laravel/vendor/compiled.php(8952): call_user_func(Object(Closure), Object(Illuminate\Http\Request))
#14 [internal function]: Illuminate\Pipeline\Pipeline->Illuminate\Pipeline\{closure}(Object(Illuminate\Http\Request))
#15 /var/www/html/laravel/vendor/compiled.php(8935): call_user_func(Object(Closure), Object(Illuminate\Http\Request))
#16 /var/www/html/laravel/vendor/compiled.php(6955): Illuminate\Pipeline\Pipeline->then(Object(Closure))
#17 /var/www/html/laravel/vendor/compiled.php(6944): Illuminate\Routing\Router->runRouteWithinStack(Object(Illuminate\Routing\Route), Object(Illuminate\Http\Request))
#18 /var/www/html/laravel/vendor/compiled.php(6929): Illuminate\Routing\Router->dispatchToRoute(Object(Illuminate\Http\Request))
#19 /var/www/html/laravel/vendor/compiled.php(1935): Illuminate\Routing\Router->dispatch(Object(Illuminate\Http\Request))
#20 [internal function]: Illuminate\Foundation\Http\Kernel->Illuminate\Foundation\Http\{closure}(Object(Illuminate\Http\Request))
#21 /var/www/html/laravel/vendor/compiled.php(8952): call_user_func(Object(Closure), Object(Illuminate\Http\Request))
#22 /var/www/html/laravel/vendor/compiled.php(2438): Illuminate\Pipeline\Pipeline->Illuminate\Pipeline\{closure}(Object(Illuminate\Http\Request))
#23 /var/www/html/laravel/app/Http/Middleware/VerifyCsrfToken.php(17): Illuminate\Foundation\Http\Middleware\VerifyCsrfToken->handle(Object(Illuminate\Http\Request), Object(Closure))
#24 /var/www/html/laravel/vendor/compiled.php(8944): App\Http\Middleware\VerifyCsrfToken->handle(Object(Illuminate\Http\Request), Object(Closure))
#25 /var/www/html/laravel/vendor/compiled.php(12083): Illuminate\Pipeline\Pipeline->Illuminate\Pipeline\{closure}(Object(Illuminate\Http\Request))
#26 /var/www/html/laravel/vendor/compiled.php(8944): Illuminate\View\Middleware\ShareErrorsFromSession->handle(Object(Illuminate\Http\Request), Object(Closure))
#27 /var/www/html/laravel/vendor/compiled.php(10785): Illuminate\Pipeline\Pipeline->Illuminate\Pipeline\{closure}(Object(Illuminate\Http\Request))
#28 /var/www/html/laravel/vendor/compiled.php(8944): Illuminate\Session\Middleware\StartSession->handle(Object(Illuminate\Http\Request), Object(Closure))
#29 /var/www/html/laravel/vendor/compiled.php(11789): Illuminate\Pipeline\Pipeline->Illuminate\Pipeline\{closure}(Object(Illuminate\Http\Request))
#30 /var/www/html/laravel/vendor/compiled.php(8944): Illuminate\Cookie\Middleware\AddQueuedCookiesToResponse->handle(Object(Illuminate\Http\Request), Object(Closure))
#31 /var/www/html/laravel/vendor/compiled.php(11738): Illuminate\Pipeline\Pipeline->Illuminate\Pipeline\{closure}(Object(Illuminate\Http\Request))
#32 /var/www/html/laravel/vendor/compiled.php(8944): Illuminate\Cookie\Middleware\EncryptCookies->handle(Object(Illuminate\Http\Request), Object(Closure))
#33 /var/www/html/laravel/vendor/compiled.php(2478): Illuminate\Pipeline\Pipeline->Illuminate\Pipeline\{closure}(Object(Illuminate\Http\Request))
#34 /var/www/html/laravel/vendor/compiled.php(8944): Illuminate\Foundation\Http\Middleware\CheckForMaintenanceMode->handle(Object(Illuminate\Http\Request), Object(Closure))
#35 [internal function]: Illuminate\Pipeline\Pipeline->Illuminate\Pipeline\{closure}(Object(Illuminate\Http\Request))
#36 /var/www/html/laravel/vendor/compiled.php(8935): call_user_func(Object(Closure), Object(Illuminate\Http\Request))
#37 /var/www/html/laravel/vendor/compiled.php(1891): Illuminate\Pipeline\Pipeline->then(Object(Closure))
#38 /var/www/html/laravel/vendor/compiled.php(1880): Illuminate\Foundation\Http\Kernel->sendRequestThroughRouter(Object(Illuminate\Http\Request))
#39 /var/www/html/laravel/public/index.php(53): Illuminate\Foundation\Http\Kernel->handle(Object(Illuminate\Http\Request))
#40 {main}

Next exception 'ErrorException' with message 'View [layout] not found. (View: /var/www/html/laravel/resources/views/users.blade.php)' in /var/www/html/laravel/vendor/compiled.php:12898
Stack trace:
#0 /var/www/html/laravel/vendor/compiled.php(13652): Illuminate\View\Engines\CompilerEngine->handleViewException(Object(InvalidArgumentException), 1)
#1 /var/www/html/laravel/vendor/compiled.php(13683): Illuminate\View\Engines\PhpEngine->evaluatePath('/var/www/html/l...', Array)
#2 /var/www/html/laravel/vendor/compiled.php(13523): Illuminate\View\Engines\CompilerEngine->get('/var/www/html/l...', Array)
#3 /var/www/html/laravel/vendor/compiled.php(13510): Illuminate\View\View->getContents()
#4 /var/www/html/laravel/vendor/compiled.php(13501): Illuminate\View\View->renderContents()
#5 /var/www/html/laravel/vendor/compiled.php(14597): Illuminate\View\View->render()
#6 /var/www/html/laravel/vendor/compiled.php(14126): Illuminate\Http\Response->setContent(Object(Illuminate\View\View))
#7 /var/www/html/laravel/vendor/compiled.php(7154): Symfony\Component\HttpFoundation\Response->__construct(Object(Illuminate\View\View))
#8 /var/www/html/laravel/vendor/compiled.php(6954): Illuminate\Routing\Router->prepareResponse(Object(Illuminate\Http\Request), Object(Illuminate\View\View))
#9 [internal function]: Illuminate\Routing\Router->Illuminate\Routing\{closure}(Object(Illuminate\Http\Request))
#10 /var/www/html/laravel/vendor/compiled.php(8952): call_user_func(Object(Closure), Object(Illuminate\Http\Request))
#11 [internal function]: Illuminate\Pipeline\Pipeline->Illuminate\Pipeline\{closure}(Object(Illuminate\Http\Request))
#12 /var/www/html/laravel/vendor/compiled.php(8935): call_user_func(Object(Closure), Object(Illuminate\Http\Request))
#13 /var/www/html/laravel/vendor/compiled.php(6955): Illuminate\Pipeline\Pipeline->then(Object(Closure))
#14 /var/www/html/laravel/vendor/compiled.php(6944): Illuminate\Routing\Router->runRouteWithinStack(Object(Illuminate\Routing\Route), Object(Illuminate\Http\Request))
#15 /var/www/html/laravel/vendor/compiled.php(6929): Illuminate\Routing\Router->dispatchToRoute(Object(Illuminate\Http\Request))
#16 /var/www/html/laravel/vendor/compiled.php(1935): Illuminate\Routing\Router->dispatch(Object(Illuminate\Http\Request))
#17 [internal function]: Illuminate\Foundation\Http\Kernel->Illuminate\Foundation\Http\{closure}(Object(Illuminate\Http\Request))
#18 /var/www/html/laravel/vendor/compiled.php(8952): call_user_func(Object(Closure), Object(Illuminate\Http\Request))
#19 /var/www/html/laravel/vendor/compiled.php(2438): Illuminate\Pipeline\Pipeline->Illuminate\Pipeline\{closure}(Object(Illuminate\Http\Request))
#20 /var/www/html/laravel/app/Http/Middleware/VerifyCsrfToken.php(17): Illuminate\Foundation\Http\Middleware\VerifyCsrfToken->handle(Object(Illuminate\Http\Request), Object(Closure))
#21 /var/www/html/laravel/vendor/compiled.php(8944): App\Http\Middleware\VerifyCsrfToken->handle(Object(Illuminate\Http\Request), Object(Closure))
#22 /var/www/html/laravel/vendor/compiled.php(12083): Illuminate\Pipeline\Pipeline->Illuminate\Pipeline\{closure}(Object(Illuminate\Http\Request))
#23 /var/www/html/laravel/vendor/compiled.php(8944): Illuminate\View\Middleware\ShareErrorsFromSession->handle(Object(Illuminate\Http\Request), Object(Closure))
#24 /var/www/html/laravel/vendor/compiled.php(10785): Illuminate\Pipeline\Pipeline->Illuminate\Pipeline\{closure}(Object(Illuminate\Http\Request))
#25 /var/www/html/laravel/vendor/compiled.php(8944): Illuminate\Session\Middleware\StartSession->handle(Object(Illuminate\Http\Request), Object(Closure))
#26 /var/www/html/laravel/vendor/compiled.php(11789): Illuminate\Pipeline\Pipeline->Illuminate\Pipeline\{closure}(Object(Illuminate\Http\Request))
#27 /var/www/html/laravel/vendor/compiled.php(8944): Illuminate\Cookie\Middleware\AddQueuedCookiesToResponse->handle(Object(Illuminate\Http\Request), Object(Closure))
#28 /var/www/html/laravel/vendor/compiled.php(11738): Illuminate\Pipeline\Pipeline->Illuminate\Pipeline\{closure}(Object(Illuminate\Http\Request))
#29 /var/www/html/laravel/vendor/compiled.php(8944): Illuminate\Cookie\Middleware\EncryptCookies->handle(Object(Illuminate\Http\Request), Object(Closure))
#30 /var/www/html/laravel/vendor/compiled.php(2478): Illuminate\Pipeline\Pipeline->Illuminate\Pipeline\{closure}(Object(Illuminate\Http\Request))
#31 /var/www/html/laravel/vendor/compiled.php(8944): Illuminate\Foundation\Http\Middleware\CheckForMaintenanceMode->handle(Object(Illuminate\Http\Request), Object(Closure))
#32 [internal function]: Illuminate\Pipeline\Pipeline->Illuminate\Pipeline\{closure}(Object(Illuminate\Http\Request))
#33 /var/www/html/laravel/vendor/compiled.php(8935): call_user_func(Object(Closure), Object(Illuminate\Http\Request))
#34 /var/www/html/laravel/vendor/compiled.php(1891): Illuminate\Pipeline\Pipeline->then(Object(Closure))
#35 /var/www/html/laravel/vendor/compiled.php(1880): Illuminate\Foundation\Http\Kernel->sendRequestThroughRouter(Object(Illuminate\Http\Request))
#36 /var/www/html/laravel/public/index.php(53): Illuminate\Foundation\Http\Kernel->handle(Object(Illuminate\Http\Request))
#37 {main}  
[2018-04-08 06:21:14] local.ERROR: exception 'Symfony\Component\Debug\Exception\FatalErrorException' with message 'syntax error, unexpected 'else' (T_ELSE)' in /var/www/html/laravel/app/Http/routes.php:25
Stack trace:
#0 {main}  
[2018-04-08 06:34:09] local.ERROR: exception 'InvalidArgumentException' with message 'Command "migrate:make" is not defined.

Did you mean one of these?
    migrate:reset
    migrate:refresh
    migrate:status
    migrate:rollback
    migrate:install
    migrate' in /var/www/html/laravel/vendor/symfony/console/Symfony/Component/Console/Application.php:549
Stack trace:
#0 /var/www/html/laravel/vendor/symfony/console/Symfony/Component/Console/Application.php(192): Symfony\Component\Console\Application->find('migrate:make')
#1 /var/www/html/laravel/vendor/symfony/console/Symfony/Component/Console/Application.php(126): Symfony\Component\Console\Application->doRun(Object(Symfony\Component\Console\Input\ArgvInput), Object(Symfony\Component\Console\Output\ConsoleOutput))
#2 /var/www/html/laravel/vendor/laravel/framework/src/Illuminate/Foundation/Console/Kernel.php(90): Symfony\Component\Console\Application->run(Object(Symfony\Component\Console\Input\ArgvInput), Object(Symfony\Component\Console\Output\ConsoleOutput))
#3 /var/www/html/laravel/artisan(36): Illuminate\Foundation\Console\Kernel->handle(Object(Symfony\Component\Console\Input\ArgvInput), Object(Symfony\Component\Console\Output\ConsoleOutput))
#4 {main}  
[2018-04-08 06:34:24] local.ERROR: exception 'RuntimeException' with message 'Too many arguments.' in /var/www/html/laravel/vendor/symfony/console/Symfony/Component/Console/Input/ArgvInput.php:181
Stack trace:
#0 /var/www/html/laravel/vendor/symfony/console/Symfony/Component/Console/Input/ArgvInput.php(90): Symfony\Component\Console\Input\ArgvInput->parseArgument('create_users_ta...')
#1 /var/www/html/laravel/vendor/symfony/console/Symfony/Component/Console/Input/Input.php(61): Symfony\Component\Console\Input\ArgvInput->parse()
#2 /var/www/html/laravel/vendor/symfony/console/Symfony/Component/Console/Command/Command.php(225): Symfony\Component\Console\Input\Input->bind(Object(Symfony\Component\Console\Input\InputDefinition))
#3 /var/www/html/laravel/vendor/laravel/framework/src/Illuminate/Console/Command.php(101): Symfony\Component\Console\Command\Command->run(Object(Symfony\Component\Console\Input\ArgvInput), Object(Symfony\Component\Console\Output\ConsoleOutput))
#4 /var/www/html/laravel/vendor/symfony/console/Symfony/Component/Console/Application.php(874): Illuminate\Console\Command->run(Object(Symfony\Component\Console\Input\ArgvInput), Object(Symfony\Component\Console\Output\ConsoleOutput))
#5 /var/www/html/laravel/vendor/symfony/console/Symfony/Component/Console/Application.php(195): Symfony\Component\Console\Application->doRunCommand(Object(Illuminate\Database\Console\Migrations\InstallCommand), Object(Symfony\Component\Console\Input\ArgvInput), Object(Symfony\Component\Console\Output\ConsoleOutput))
#6 /var/www/html/laravel/vendor/symfony/console/Symfony/Component/Console/Application.php(126): Symfony\Component\Console\Application->doRun(Object(Symfony\Component\Console\Input\ArgvInput), Object(Symfony\Component\Console\Output\ConsoleOutput))
#7 /var/www/html/laravel/vendor/laravel/framework/src/Illuminate/Foundation/Console/Kernel.php(90): Symfony\Component\Console\Application->run(Object(Symfony\Component\Console\Input\ArgvInput), Object(Symfony\Component\Console\Output\ConsoleOutput))
#8 /var/www/html/laravel/artisan(36): Illuminate\Foundation\Console\Kernel->handle(Object(Symfony\Component\Console\Input\ArgvInput), Object(Symfony\Component\Console\Output\ConsoleOutput))
#9 {main}  
[2018-04-08 06:34:45] local.ERROR: exception 'InvalidArgumentException' with message 'Command "migrate:make" is not defined.

Did you mean one of these?
    migrate:reset
    migrate:refresh
    migrate:status
    migrate:rollback
    migrate:install
    migrate' in /var/www/html/laravel/vendor/symfony/console/Symfony/Component/Console/Application.php:549
Stack trace:
#0 /var/www/html/laravel/vendor/symfony/console/Symfony/Component/Console/Application.php(192): Symfony\Component\Console\Application->find('migrate:make')
#1 /var/www/html/laravel/vendor/symfony/console/Symfony/Component/Console/Application.php(126): Symfony\Component\Console\Application->doRun(Object(Symfony\Component\Console\Input\ArgvInput), Object(Symfony\Component\Console\Output\ConsoleOutput))
#2 /var/www/html/laravel/vendor/laravel/framework/src/Illuminate/Foundation/Console/Kernel.php(90): Symfony\Component\Console\Application->run(Object(Symfony\Component\Console\Input\ArgvInput), Object(Symfony\Component\Console\Output\ConsoleOutput))
#3 /var/www/html/laravel/artisan(36): Illuminate\Foundation\Console\Kernel->handle(Object(Symfony\Component\Console\Input\ArgvInput), Object(Symfony\Component\Console\Output\ConsoleOutput))
#4 {main}  
[2018-04-08 06:58:14] local.ERROR: exception 'Symfony\Component\Debug\Exception\FatalErrorException' with message 'syntax error, unexpected '}'' in /var/www/html/laravel/app/Http/routes.php:26
Stack trace:
#0 {main}  
[2018-04-08 06:58:27] local.ERROR: exception 'Symfony\Component\Debug\Exception\FatalErrorException' with message 'syntax error, unexpected '}'' in /var/www/html/laravel/app/Http/routes.php:26
Stack trace:
#0 {main}  
[2018-04-08 06:58:48] local.ERROR: exception 'InvalidArgumentException' with message 'Command "make:midleware" is not defined.

Did you mean one of these?
    make:middleware
    make:migration
    make:controller
    make:request
    make:provider
    make:console
    make:event
    make:model
    make:command' in /var/www/html/laravel/vendor/symfony/console/Symfony/Component/Console/Application.php:549
Stack trace:
#0 /var/www/html/laravel/vendor/symfony/console/Symfony/Component/Console/Application.php(192): Symfony\Component\Console\Application->find('make:midleware')
#1 /var/www/html/laravel/vendor/symfony/console/Symfony/Component/Console/Application.php(126): Symfony\Component\Console\Application->doRun(Object(Symfony\Component\Console\Input\ArgvInput), Object(Symfony\Component\Console\Output\ConsoleOutput))
#2 /var/www/html/laravel/vendor/laravel/framework/src/Illuminate/Foundation/Console/Kernel.php(90): Symfony\Component\Console\Application->run(Object(Symfony\Component\Console\Input\ArgvInput), Object(Symfony\Component\Console\Output\ConsoleOutput))
#3 /var/www/html/laravel/artisan(36): Illuminate\Foundation\Console\Kernel->handle(Object(Symfony\Component\Console\Input\ArgvInput), Object(Symfony\Component\Console\Output\ConsoleOutput))
#4 {main}  
[2018-04-08 07:09:54] local.ERROR: exception 'InvalidArgumentException' with message 'View [show.adduser] not found.' in /var/www/html/laravel/vendor/compiled.php:12898
Stack trace:
#0 /var/www/html/laravel/vendor/compiled.php(12871): Illuminate\View\FileViewFinder->findInPaths('show.adduser', Array)
#1 /var/www/html/laravel/vendor/compiled.php(12996): Illuminate\View\FileViewFinder->find('show.adduser')
#2 /var/www/html/laravel/vendor/laravel/framework/src/Illuminate/Foundation/helpers.php(565): Illuminate\View\Factory->make('show.adduser', Array, Array)
#3 /var/www/html/laravel/app/Http/Controllers/UserController.php(17): view('show.adduser')
#4 [internal function]: App\Http\Controllers\UserController->getAdduser()
#5 /var/www/html/laravel/vendor/compiled.php(8287): call_user_func_array(Array, Array)
#6 /var/www/html/laravel/vendor/compiled.php(8354): Illuminate\Routing\Controller->callAction('getAdduser', Array)
#7 /var/www/html/laravel/vendor/compiled.php(8333): Illuminate\Routing\ControllerDispatcher->call(Object(App\Http\Controllers\UserController), Object(Illuminate\Routing\Route), 'getAdduser')
#8 [internal function]: Illuminate\Routing\ControllerDispatcher->Illuminate\Routing\{closure}(Object(Illuminate\Http\Request))
#9 /var/www/html/laravel/vendor/compiled.php(8952): call_user_func(Object(Closure), Object(Illuminate\Http\Request))
#10 [internal function]: Illuminate\Pipeline\Pipeline->Illuminate\Pipeline\{closure}(Object(Illuminate\Http\Request))
#11 /var/www/html/laravel/vendor/compiled.php(8935): call_user_func(Object(Closure), Object(Illuminate\Http\Request))
#12 /var/www/html/laravel/vendor/compiled.php(8334): Illuminate\Pipeline\Pipeline->then(Object(Closure))
#13 /var/www/html/laravel/vendor/compiled.php(8320): Illuminate\Routing\ControllerDispatcher->callWithinStack(Object(App\Http\Controllers\UserController), Object(Illuminate\Routing\Route), Object(Illuminate\Http\Request), 'getAdduser')
#14 /var/www/html/laravel/vendor/compiled.php(7317): Illuminate\Routing\ControllerDispatcher->dispatch(Object(Illuminate\Routing\Route), Object(Illuminate\Http\Request), 'App\Http\Contro...', 'getAdduser')
#15 /var/www/html/laravel/vendor/compiled.php(7288): Illuminate\Routing\Route->runWithCustomDispatcher(Object(Illuminate\Http\Request))
#16 /var/www/html/laravel/vendor/compiled.php(6954): Illuminate\Routing\Route->run(Object(Illuminate\Http\Request))
#17 [internal function]: Illuminate\Routing\Router->Illuminate\Routing\{closure}(Object(Illuminate\Http\Request))
#18 /var/www/html/laravel/vendor/compiled.php(8952): call_user_func(Object(Closure), Object(Illuminate\Http\Request))
#19 [internal function]: Illuminate\Pipeline\Pipeline->Illuminate\Pipeline\{closure}(Object(Illuminate\Http\Request))
#20 /var/www/html/laravel/vendor/compiled.php(8935): call_user_func(Object(Closure), Object(Illuminate\Http\Request))
#21 /var/www/html/laravel/vendor/compiled.php(6955): Illuminate\Pipeline\Pipeline->then(Object(Closure))
#22 /var/www/html/laravel/vendor/compiled.php(6944): Illuminate\Routing\Router->runRouteWithinStack(Object(Illuminate\Routing\Route), Object(Illuminate\Http\Request))
#23 /var/www/html/laravel/vendor/compiled.php(6929): Illuminate\Routing\Router->dispatchToRoute(Object(Illuminate\Http\Request))
#24 /var/www/html/laravel/vendor/compiled.php(1935): Illuminate\Routing\Router->dispatch(Object(Illuminate\Http\Request))
#25 [internal function]: Illuminate\Foundation\Http\Kernel->Illuminate\Foundation\Http\{closure}(Object(Illuminate\Http\Request))
#26 /var/www/html/laravel/vendor/compiled.php(8952): call_user_func(Object(Closure), Object(Illuminate\Http\Request))
#27 /var/www/html/laravel/vendor/compiled.php(2438): Illuminate\Pipeline\Pipeline->Illuminate\Pipeline\{closure}(Object(Illuminate\Http\Request))
#28 /var/www/html/laravel/app/Http/Middleware/VerifyCsrfToken.php(17): Illuminate\Foundation\Http\Middleware\VerifyCsrfToken->handle(Object(Illuminate\Http\Request), Object(Closure))
#29 /var/www/html/laravel/vendor/compiled.php(8944): App\Http\Middleware\VerifyCsrfToken->handle(Object(Illuminate\Http\Request), Object(Closure))
#30 /var/www/html/laravel/vendor/compiled.php(12083): Illuminate\Pipeline\Pipeline->Illuminate\Pipeline\{closure}(Object(Illuminate\Http\Request))
#31 /var/www/html/laravel/vendor/compiled.php(8944): Illuminate\View\Middleware\ShareErrorsFromSession->handle(Object(Illuminate\Http\Request), Object(Closure))
#32 /var/www/html/laravel/vendor/compiled.php(10785): Illuminate\Pipeline\Pipeline->Illuminate\Pipeline\{closure}(Object(Illuminate\Http\Request))
#33 /var/www/html/laravel/vendor/compiled.php(8944): Illuminate\Session\Middleware\StartSession->handle(Object(Illuminate\Http\Request), Object(Closure))
#34 /var/www/html/laravel/vendor/compiled.php(11789): Illuminate\Pipeline\Pipeline->Illuminate\Pipeline\{closure}(Object(Illuminate\Http\Request))
#35 /var/www/html/laravel/vendor/compiled.php(8944): Illuminate\Cookie\Middleware\AddQueuedCookiesToResponse->handle(Object(Illuminate\Http\Request), Object(Closure))
#36 /var/www/html/laravel/vendor/compiled.php(11738): Illuminate\Pipeline\Pipeline->Illuminate\Pipeline\{closure}(Object(Illuminate\Http\Request))
#37 /var/www/html/laravel/vendor/compiled.php(8944): Illuminate\Cookie\Middleware\EncryptCookies->handle(Object(Illuminate\Http\Request), Object(Closure))
#38 /var/www/html/laravel/vendor/compiled.php(2478): Illuminate\Pipeline\Pipeline->Illuminate\Pipeline\{closure}(Object(Illuminate\Http\Request))
#39 /var/www/html/laravel/vendor/compiled.php(8944): Illuminate\Foundation\Http\Middleware\CheckForMaintenanceMode->handle(Object(Illuminate\Http\Request), Object(Closure))
#40 [internal function]: Illuminate\Pipeline\Pipeline->Illuminate\Pipeline\{closure}(Object(Illuminate\Http\Request))
#41 /var/www/html/laravel/vendor/compiled.php(8935): call_user_func(Object(Closure), Object(Illuminate\Http\Request))
#42 /var/www/html/laravel/vendor/compiled.php(1891): Illuminate\Pipeline\Pipeline->then(Object(Closure))
#43 /var/www/html/laravel/vendor/compiled.php(1880): Illuminate\Foundation\Http\Kernel->sendRequestThroughRouter(Object(Illuminate\Http\Request))
#44 /var/www/html/laravel/public/index.php(53): Illuminate\Foundation\Http\Kernel->handle(Object(Illuminate\Http\Request))
#45 {main}  
[2018-04-08 07:12:22] local.ERROR: exception 'InvalidArgumentException' with message 'View [show.adduser] not found.' in /var/www/html/laravel/vendor/compiled.php:12898
Stack trace:
#0 /var/www/html/laravel/vendor/compiled.php(12871): Illuminate\View\FileViewFinder->findInPaths('show.adduser', Array)
#1 /var/www/html/laravel/vendor/compiled.php(12996): Illuminate\View\FileViewFinder->find('show.adduser')
#2 /var/www/html/laravel/vendor/laravel/framework/src/Illuminate/Foundation/helpers.php(565): Illuminate\View\Factory->make('show.adduser', Array, Array)
#3 /var/www/html/laravel/app/Http/Controllers/UserController.php(17): view('show.adduser')
#4 [internal function]: App\Http\Controllers\UserController->getAdduser()
#5 /var/www/html/laravel/vendor/compiled.php(8287): call_user_func_array(Array, Array)
#6 /var/www/html/laravel/vendor/compiled.php(8354): Illuminate\Routing\Controller->callAction('getAdduser', Array)
#7 /var/www/html/laravel/vendor/compiled.php(8333): Illuminate\Routing\ControllerDispatcher->call(Object(App\Http\Controllers\UserController), Object(Illuminate\Routing\Route), 'getAdduser')
#8 [internal function]: Illuminate\Routing\ControllerDispatcher->Illuminate\Routing\{closure}(Object(Illuminate\Http\Request))
#9 /var/www/html/laravel/vendor/compiled.php(8952): call_user_func(Object(Closure), Object(Illuminate\Http\Request))
#10 [internal function]: Illuminate\Pipeline\Pipeline->Illuminate\Pipeline\{closure}(Object(Illuminate\Http\Request))
#11 /var/www/html/laravel/vendor/compiled.php(8935): call_user_func(Object(Closure), Object(Illuminate\Http\Request))
#12 /var/www/html/laravel/vendor/compiled.php(8334): Illuminate\Pipeline\Pipeline->then(Object(Closure))
#13 /var/www/html/laravel/vendor/compiled.php(8320): Illuminate\Routing\ControllerDispatcher->callWithinStack(Object(App\Http\Controllers\UserController), Object(Illuminate\Routing\Route), Object(Illuminate\Http\Request), 'getAdduser')
#14 /var/www/html/laravel/vendor/compiled.php(7317): Illuminate\Routing\ControllerDispatcher->dispatch(Object(Illuminate\Routing\Route), Object(Illuminate\Http\Request), 'App\Http\Contro...', 'getAdduser')
#15 /var/www/html/laravel/vendor/compiled.php(7288): Illuminate\Routing\Route->runWithCustomDispatcher(Object(Illuminate\Http\Request))
#16 /var/www/html/laravel/vendor/compiled.php(6954): Illuminate\Routing\Route->run(Object(Illuminate\Http\Request))
#17 [internal function]: Illuminate\Routing\Router->Illuminate\Routing\{closure}(Object(Illuminate\Http\Request))
#18 /var/www/html/laravel/vendor/compiled.php(8952): call_user_func(Object(Closure), Object(Illuminate\Http\Request))
#19 [internal function]: Illuminate\Pipeline\Pipeline->Illuminate\Pipeline\{closure}(Object(Illuminate\Http\Request))
#20 /var/www/html/laravel/vendor/compiled.php(8935): call_user_func(Object(Closure), Object(Illuminate\Http\Request))
#21 /var/www/html/laravel/vendor/compiled.php(6955): Illuminate\Pipeline\Pipeline->then(Object(Closure))
#22 /var/www/html/laravel/vendor/compiled.php(6944): Illuminate\Routing\Router->runRouteWithinStack(Object(Illuminate\Routing\Route), Object(Illuminate\Http\Request))
#23 /var/www/html/laravel/vendor/compiled.php(6929): Illuminate\Routing\Router->dispatchToRoute(Object(Illuminate\Http\Request))
#24 /var/www/html/laravel/vendor/compiled.php(1935): Illuminate\Routing\Router->dispatch(Object(Illuminate\Http\Request))
#25 [internal function]: Illuminate\Foundation\Http\Kernel->Illuminate\Foundation\Http\{closure}(Object(Illuminate\Http\Request))
#26 /var/www/html/laravel/vendor/compiled.php(8952): call_user_func(Object(Closure), Object(Illuminate\Http\Request))
#27 /var/www/html/laravel/vendor/compiled.php(2438): Illuminate\Pipeline\Pipeline->Illuminate\Pipeline\{closure}(Object(Illuminate\Http\Request))
#28 /var/www/html/laravel/app/Http/Middleware/VerifyCsrfToken.php(17): Illuminate\Foundation\Http\Middleware\VerifyCsrfToken->handle(Object(Illuminate\Http\Request), Object(Closure))
#29 /var/www/html/laravel/vendor/compiled.php(8944): App\Http\Middleware\VerifyCsrfToken->handle(Object(Illuminate\Http\Request), Object(Closure))
#30 /var/www/html/laravel/vendor/compiled.php(12083): Illuminate\Pipeline\Pipeline->Illuminate\Pipeline\{closure}(Object(Illuminate\Http\Request))
#31 /var/www/html/laravel/vendor/compiled.php(8944): Illuminate\View\Middleware\ShareErrorsFromSession->handle(Object(Illuminate\Http\Request), Object(Closure))
#32 /var/www/html/laravel/vendor/compiled.php(10785): Illuminate\Pipeline\Pipeline->Illuminate\Pipeline\{closure}(Object(Illuminate\Http\Request))
#33 /var/www/html/laravel/vendor/compiled.php(8944): Illuminate\Session\Middleware\StartSession->handle(Object(Illuminate\Http\Request), Object(Closure))
#34 /var/www/html/laravel/vendor/compiled.php(11789): Illuminate\Pipeline\Pipeline->Illuminate\Pipeline\{closure}(Object(Illuminate\Http\Request))
#35 /var/www/html/laravel/vendor/compiled.php(8944): Illuminate\Cookie\Middleware\AddQueuedCookiesToResponse->handle(Object(Illuminate\Http\Request), Object(Closure))
#36 /var/www/html/laravel/vendor/compiled.php(11738): Illuminate\Pipeline\Pipeline->Illuminate\Pipeline\{closure}(Object(Illuminate\Http\Request))
#37 /var/www/html/laravel/vendor/compiled.php(8944): Illuminate\Cookie\Middleware\EncryptCookies->handle(Object(Illuminate\Http\Request), Object(Closure))
#38 /var/www/html/laravel/vendor/compiled.php(2478): Illuminate\Pipeline\Pipeline->Illuminate\Pipeline\{closure}(Object(Illuminate\Http\Request))
#39 /var/www/html/laravel/vendor/compiled.php(8944): Illuminate\Foundation\Http\Middleware\CheckForMaintenanceMode->handle(Object(Illuminate\Http\Request), Object(Closure))
#40 [internal function]: Illuminate\Pipeline\Pipeline->Illuminate\Pipeline\{closure}(Object(Illuminate\Http\Request))
#41 /var/www/html/laravel/vendor/compiled.php(8935): call_user_func(Object(Closure), Object(Illuminate\Http\Request))
#42 /var/www/html/laravel/vendor/compiled.php(1891): Illuminate\Pipeline\Pipeline->then(Object(Closure))
#43 /var/www/html/laravel/vendor/compiled.php(1880): Illuminate\Foundation\Http\Kernel->sendRequestThroughRouter(Object(Illuminate\Http\Request))
#44 /var/www/html/laravel/public/index.php(53): Illuminate\Foundation\Http\Kernel->handle(Object(Illuminate\Http\Request))
#45 {main}  
[2018-04-08 07:14:09] local.ERROR: exception 'Illuminate\Container\BindingResolutionException' with message 'Target [App\Http\Requests\Request] is not instantiable.' in /var/www/html/laravel/vendor/compiled.php:1032
Stack trace:
#0 /var/www/html/laravel/vendor/compiled.php(980): Illuminate\Container\Container->build('App\Http\Reques...', Array)
#1 /var/www/html/laravel/vendor/compiled.php(1493): Illuminate\Container\Container->make('App\Http\Reques...', Array)
#2 /var/www/html/laravel/vendor/compiled.php(6696): Illuminate\Foundation\Application->make('App\Http\Reques...')
#3 /var/www/html/laravel/vendor/compiled.php(6689): Illuminate\Routing\ControllerDispatcher->resolveMethodDependencies(Array, Object(ReflectionMethod))
#4 /var/www/html/laravel/vendor/compiled.php(8353): Illuminate\Routing\ControllerDispatcher->resolveClassMethodDependencies(Array, Object(App\Http\Controllers\UserController), 'postAdduser')
#5 /var/www/html/laravel/vendor/compiled.php(8333): Illuminate\Routing\ControllerDispatcher->call(Object(App\Http\Controllers\UserController), Object(Illuminate\Routing\Route), 'postAdduser')
#6 [internal function]: Illuminate\Routing\ControllerDispatcher->Illuminate\Routing\{closure}(Object(Illuminate\Http\Request))
#7 /var/www/html/laravel/vendor/compiled.php(8952): call_user_func(Object(Closure), Object(Illuminate\Http\Request))
#8 [internal function]: Illuminate\Pipeline\Pipeline->Illuminate\Pipeline\{closure}(Object(Illuminate\Http\Request))
#9 /var/www/html/laravel/vendor/compiled.php(8935): call_user_func(Object(Closure), Object(Illuminate\Http\Request))
#10 /var/www/html/laravel/vendor/compiled.php(8334): Illuminate\Pipeline\Pipeline->then(Object(Closure))
#11 /var/www/html/laravel/vendor/compiled.php(8320): Illuminate\Routing\ControllerDispatcher->callWithinStack(Object(App\Http\Controllers\UserController), Object(Illuminate\Routing\Route), Object(Illuminate\Http\Request), 'postAdduser')
#12 /var/www/html/laravel/vendor/compiled.php(7317): Illuminate\Routing\ControllerDispatcher->dispatch(Object(Illuminate\Routing\Route), Object(Illuminate\Http\Request), 'App\Http\Contro...', 'postAdduser')
#13 /var/www/html/laravel/vendor/compiled.php(7288): Illuminate\Routing\Route->runWithCustomDispatcher(Object(Illuminate\Http\Request))
#14 /var/www/html/laravel/vendor/compiled.php(6954): Illuminate\Routing\Route->run(Object(Illuminate\Http\Request))
#15 [internal function]: Illuminate\Routing\Router->Illuminate\Routing\{closure}(Object(Illuminate\Http\Request))
#16 /var/www/html/laravel/vendor/compiled.php(8952): call_user_func(Object(Closure), Object(Illuminate\Http\Request))
#17 /var/www/html/laravel/app/Http/Middleware/AfterUser.php(16): Illuminate\Pipeline\Pipeline->Illuminate\Pipeline\{closure}(Object(Illuminate\Http\Request))
#18 /var/www/html/laravel/vendor/compiled.php(8944): App\Http\Middleware\AfterUser->handle(Object(Illuminate\Http\Request), Object(Closure))
#19 /var/www/html/laravel/app/Http/Middleware/BeforeUser.php(16): Illuminate\Pipeline\Pipeline->Illuminate\Pipeline\{closure}(Object(Illuminate\Http\Request))
#20 /var/www/html/laravel/vendor/compiled.php(8944): App\Http\Middleware\BeforeUser->handle(Object(Illuminate\Http\Request), Object(Closure))
#21 [internal function]: Illuminate\Pipeline\Pipeline->Illuminate\Pipeline\{closure}(Object(Illuminate\Http\Request))
#22 /var/www/html/laravel/vendor/compiled.php(8935): call_user_func(Object(Closure), Object(Illuminate\Http\Request))
#23 /var/www/html/laravel/vendor/compiled.php(6955): Illuminate\Pipeline\Pipeline->then(Object(Closure))
#24 /var/www/html/laravel/vendor/compiled.php(6944): Illuminate\Routing\Router->runRouteWithinStack(Object(Illuminate\Routing\Route), Object(Illuminate\Http\Request))
#25 /var/www/html/laravel/vendor/compiled.php(6929): Illuminate\Routing\Router->dispatchToRoute(Object(Illuminate\Http\Request))
#26 /var/www/html/laravel/vendor/compiled.php(1935): Illuminate\Routing\Router->dispatch(Object(Illuminate\Http\Request))
#27 [internal function]: Illuminate\Foundation\Http\Kernel->Illuminate\Foundation\Http\{closure}(Object(Illuminate\Http\Request))
#28 /var/www/html/laravel/vendor/compiled.php(8952): call_user_func(Object(Closure), Object(Illuminate\Http\Request))
#29 /var/www/html/laravel/vendor/compiled.php(2438): Illuminate\Pipeline\Pipeline->Illuminate\Pipeline\{closure}(Object(Illuminate\Http\Request))
#30 /var/www/html/laravel/app/Http/Middleware/VerifyCsrfToken.php(17): Illuminate\Foundation\Http\Middleware\VerifyCsrfToken->handle(Object(Illuminate\Http\Request), Object(Closure))
#31 /var/www/html/laravel/vendor/compiled.php(8944): App\Http\Middleware\VerifyCsrfToken->handle(Object(Illuminate\Http\Request), Object(Closure))
#32 /var/www/html/laravel/vendor/compiled.php(12083): Illuminate\Pipeline\Pipeline->Illuminate\Pipeline\{closure}(Object(Illuminate\Http\Request))
#33 /var/www/html/laravel/vendor/compiled.php(8944): Illuminate\View\Middleware\ShareErrorsFromSession->handle(Object(Illuminate\Http\Request), Object(Closure))
#34 /var/www/html/laravel/vendor/compiled.php(10785): Illuminate\Pipeline\Pipeline->Illuminate\Pipeline\{closure}(Object(Illuminate\Http\Request))
#35 /var/www/html/laravel/vendor/compiled.php(8944): Illuminate\Session\Middleware\StartSession->handle(Object(Illuminate\Http\Request), Object(Closure))
#36 /var/www/html/laravel/vendor/compiled.php(11789): Illuminate\Pipeline\Pipeline->Illuminate\Pipeline\{closure}(Object(Illuminate\Http\Request))
#37 /var/www/html/laravel/vendor/compiled.php(8944): Illuminate\Cookie\Middleware\AddQueuedCookiesToResponse->handle(Object(Illuminate\Http\Request), Object(Closure))
#38 /var/www/html/laravel/vendor/compiled.php(11738): Illuminate\Pipeline\Pipeline->Illuminate\Pipeline\{closure}(Object(Illuminate\Http\Request))
#39 /var/www/html/laravel/vendor/compiled.php(8944): Illuminate\Cookie\Middleware\EncryptCookies->handle(Object(Illuminate\Http\Request), Object(Closure))
#40 /var/www/html/laravel/vendor/compiled.php(2478): Illuminate\Pipeline\Pipeline->Illuminate\Pipeline\{closure}(Object(Illuminate\Http\Request))
#41 /var/www/html/laravel/vendor/compiled.php(8944): Illuminate\Foundation\Http\Middleware\CheckForMaintenanceMode->handle(Object(Illuminate\Http\Request), Object(Closure))
#42 [internal function]: Illuminate\Pipeline\Pipeline->Illuminate\Pipeline\{closure}(Object(Illuminate\Http\Request))
#43 /var/www/html/laravel/vendor/compiled.php(8935): call_user_func(Object(Closure), Object(Illuminate\Http\Request))
#44 /var/www/html/laravel/vendor/compiled.php(1891): Illuminate\Pipeline\Pipeline->then(Object(Closure))
#45 /var/www/html/laravel/vendor/compiled.php(1880): Illuminate\Foundation\Http\Kernel->sendRequestThroughRouter(Object(Illuminate\Http\Request))
#46 /var/www/html/laravel/public/index.php(53): Illuminate\Foundation\Http\Kernel->handle(Object(Illuminate\Http\Request))
#47 {main}  
[2018-04-08 08:06:19] local.ERROR: exception 'ReflectionException' with message 'Class App\Http\Controllers\IndexController does not exist' in /var/www/html/laravel/vendor/compiled.php:1029
Stack trace:
#0 /var/www/html/laravel/vendor/compiled.php(1029): ReflectionClass->__construct('App\Http\Contro...')
#1 /var/www/html/laravel/vendor/compiled.php(980): Illuminate\Container\Container->build('App\Http\Contro...', Array)
#2 /var/www/html/laravel/vendor/compiled.php(1493): Illuminate\Container\Container->make('App\Http\Contro...', Array)
#3 /var/www/html/laravel/vendor/laravel/framework/src/Illuminate/Foundation/Console/RouteListCommand.php(158): Illuminate\Foundation\Application->make('App\Http\Contro...')
#4 /var/www/html/laravel/vendor/laravel/framework/src/Illuminate/Foundation/Console/RouteListCommand.php(141): Illuminate\Foundation\Console\RouteListCommand->getControllerMiddleware('App\Http\Contro...')
#5 /var/www/html/laravel/vendor/laravel/framework/src/Illuminate/Foundation/Console/RouteListCommand.php(108): Illuminate\Foundation\Console\RouteListCommand->getMiddleware(Object(Illuminate\Routing\Route))
#6 /var/www/html/laravel/vendor/laravel/framework/src/Illuminate/Foundation/Console/RouteListCommand.php(88): Illuminate\Foundation\Console\RouteListCommand->getRouteInformation(Object(Illuminate\Routing\Route))
#7 /var/www/html/laravel/vendor/laravel/framework/src/Illuminate/Foundation/Console/RouteListCommand.php(74): Illuminate\Foundation\Console\RouteListCommand->getRoutes()
#8 [internal function]: Illuminate\Foundation\Console\RouteListCommand->fire()
#9 /var/www/html/laravel/vendor/compiled.php(925): call_user_func_array(Array, Array)
#10 /var/www/html/laravel/vendor/laravel/framework/src/Illuminate/Console/Command.php(115): Illuminate\Container\Container->call(Array)
#11 /var/www/html/laravel/vendor/symfony/console/Symfony/Component/Console/Command/Command.php(253): Illuminate\Console\Command->execute(Object(Symfony\Component\Console\Input\ArgvInput), Object(Symfony\Component\Console\Output\ConsoleOutput))
#12 /var/www/html/laravel/vendor/laravel/framework/src/Illuminate/Console/Command.php(101): Symfony\Component\Console\Command\Command->run(Object(Symfony\Component\Console\Input\ArgvInput), Object(Symfony\Component\Console\Output\ConsoleOutput))
#13 /var/www/html/laravel/vendor/symfony/console/Symfony/Component/Console/Application.php(874): Illuminate\Console\Command->run(Object(Symfony\Component\Console\Input\ArgvInput), Object(Symfony\Component\Console\Output\ConsoleOutput))
#14 /var/www/html/laravel/vendor/symfony/console/Symfony/Component/Console/Application.php(195): Symfony\Component\Console\Application->doRunCommand(Object(Illuminate\Foundation\Console\RouteListCommand), Object(Symfony\Component\Console\Input\ArgvInput), Object(Symfony\Component\Console\Output\ConsoleOutput))
#15 /var/www/html/laravel/vendor/symfony/console/Symfony/Component/Console/Application.php(126): Symfony\Component\Console\Application->doRun(Object(Symfony\Component\Console\Input\ArgvInput), Object(Symfony\Component\Console\Output\ConsoleOutput))
#16 /var/www/html/laravel/vendor/laravel/framework/src/Illuminate/Foundation/Console/Kernel.php(90): Symfony\Component\Console\Application->run(Object(Symfony\Component\Console\Input\ArgvInput), Object(Symfony\Component\Console\Output\ConsoleOutput))
#17 /var/www/html/laravel/artisan(36): Illuminate\Foundation\Console\Kernel->handle(Object(Symfony\Component\Console\Input\ArgvInput), Object(Symfony\Component\Console\Output\ConsoleOutput))
#18 {main}  
[2018-04-08 08:12:10] local.ERROR: exception 'InvalidArgumentException' with message 'Command "make:auth" is not defined.

Did you mean one of these?
    make:migration
    make:controller
    make:middleware
    make:request
    make:provider
    make:console
    make:event
    make:model
    make:command' in /var/www/html/laravel/vendor/symfony/console/Symfony/Component/Console/Application.php:549
Stack trace:
#0 /var/www/html/laravel/vendor/symfony/console/Symfony/Component/Console/Application.php(192): Symfony\Component\Console\Application->find('make:auth')
#1 /var/www/html/laravel/vendor/symfony/console/Symfony/Component/Console/Application.php(126): Symfony\Component\Console\Application->doRun(Object(Symfony\Component\Console\Input\ArgvInput), Object(Symfony\Component\Console\Output\ConsoleOutput))
#2 /var/www/html/laravel/vendor/laravel/framework/src/Illuminate/Foundation/Console/Kernel.php(90): Symfony\Component\Console\Application->run(Object(Symfony\Component\Console\Input\ArgvInput), Object(Symfony\Component\Console\Output\ConsoleOutput))
#3 /var/www/html/laravel/artisan(36): Illuminate\Foundation\Console\Kernel->handle(Object(Symfony\Component\Console\Input\ArgvInput), Object(Symfony\Component\Console\Output\ConsoleOutput))
#4 {main}  
